
> auditforecaster@0.1.0 type-check
> tsc --noEmit

e2e/functional.spec.ts(40,44): error TS2345: Argument of type 'string | undefined' is not assignable to parameter of type 'string'.
  Type 'undefined' is not assignable to type 'string'.
prisma/seed.ts(181,28): error TS2532: Object is possibly 'undefined'.
prisma/seed.ts(191,28): error TS2532: Object is possibly 'undefined'.
prisma/seed.ts(202,28): error TS2532: Object is possibly 'undefined'.
prisma/seed.ts(213,28): error TS2532: Object is possibly 'undefined'.
prisma/seed.ts(224,28): error TS2532: Object is possibly 'undefined'.
scripts/audit.ts(77,19): error TS2532: Object is possibly 'undefined'.
scripts/audit.ts(82,19): error TS2532: Object is possibly 'undefined'.
scripts/create-inspection-simple.ts(33,13): error TS2353: Object literal may only specify known properties, and 'templateId' does not exist in type 'Without<InspectionCreateInput, InspectionUncheckedCreateInput> & InspectionUncheckedCreateInput'.
scripts/create-test-inspection.ts(26,17): error TS2353: Object literal may only specify known properties, and 'category' does not exist in type '(Without<ReportTemplateCreateInput, ReportTemplateUncheckedCreateInput> & ReportTemplateUncheckedCreateInput) | (Without<...> & ReportTemplateCreateInput)'.
scripts/create-test-inspection.ts(55,13): error TS2353: Object literal may only specify known properties, and 'state' does not exist in type 'Without<JobCreateInput, JobUncheckedCreateInput> & JobUncheckedCreateInput'.
scripts/create-test-inspection.ts(66,13): error TS2353: Object literal may only specify known properties, and 'templateId' does not exist in type 'Without<InspectionCreateInput, InspectionUncheckedCreateInput> & InspectionUncheckedCreateInput'.
scripts/ensure-template.ts(13,17): error TS2353: Object literal may only specify known properties, and 'category' does not exist in type '(Without<ReportTemplateCreateInput, ReportTemplateUncheckedCreateInput> & ReportTemplateUncheckedCreateInput) | (Without<...> & ReportTemplateCreateInput)'.
src/app/(dashboard)/dashboard/finances/invoices/create/invoice-wizard.tsx(34,52): error TS2345: Argument of type 'string | undefined' is not assignable to parameter of type 'string | (() => string)'.
  Type 'undefined' is not assignable to type 'string | (() => string)'.
src/app/(dashboard)/dashboard/logistics/routes/route-generator.tsx(56,78): error TS2769: No overload matches this call.
  Overload 1 of 4, '(value: string | number | Date): Date', gave the following error.
    Argument of type 'string | undefined' is not assignable to parameter of type 'string | number | Date'.
      Type 'undefined' is not assignable to type 'string | number | Date'.
  Overload 2 of 4, '(value: string | number): Date', gave the following error.
    Argument of type 'string | undefined' is not assignable to parameter of type 'string | number'.
      Type 'undefined' is not assignable to type 'string | number'.
