{"/workspaces/AuditForecaster/server/blowerDoorService.ts": {"path":"/workspaces/AuditForecaster/server/blowerDoorService.ts","statementMap":{"0":{"start":{"line":46,"column":2},"end":{"line":49,"column":null}},"1":{"start":{"line":52,"column":2},"end":{"line":56,"column":null}},"2":{"start":{"line":53,"column":18},"end":{"line":53,"column":null}},"3":{"start":{"line":54,"column":4},"end":{"line":54,"column":null}},"4":{"start":{"line":55,"column":4},"end":{"line":55,"column":null}},"5":{"start":{"line":58,"column":2},"end":{"line":62,"column":null}},"6":{"start":{"line":59,"column":18},"end":{"line":59,"column":null}},"7":{"start":{"line":60,"column":4},"end":{"line":60,"column":null}},"8":{"start":{"line":61,"column":4},"end":{"line":61,"column":null}},"9":{"start":{"line":64,"column":2},"end":{"line":68,"column":null}},"10":{"start":{"line":65,"column":18},"end":{"line":65,"column":null}},"11":{"start":{"line":66,"column":4},"end":{"line":66,"column":null}},"12":{"start":{"line":67,"column":4},"end":{"line":67,"column":null}},"13":{"start":{"line":71,"column":17},"end":{"line":71,"column":null}},"14":{"start":{"line":74,"column":2},"end":{"line":77,"column":null}},"15":{"start":{"line":79,"column":2},"end":{"line":79,"column":null}},"16":{"start":{"line":96,"column":58},"end":{"line":96,"column":null}},"17":{"start":{"line":99,"column":2},"end":{"line":101,"column":null}},"18":{"start":{"line":100,"column":4},"end":{"line":100,"column":null}},"19":{"start":{"line":104,"column":2},"end":{"line":106,"column":null}},"20":{"start":{"line":105,"column":4},"end":{"line":105,"column":null}},"21":{"start":{"line":108,"column":2},"end":{"line":110,"column":null}},"22":{"start":{"line":109,"column":4},"end":{"line":109,"column":null}},"23":{"start":{"line":113,"column":24},"end":{"line":113,"column":null}},"24":{"start":{"line":114,"column":25},"end":{"line":114,"column":null}},"25":{"start":{"line":117,"column":25},"end":{"line":117,"column":null}},"26":{"start":{"line":120,"column":29},"end":{"line":120,"column":null}},"27":{"start":{"line":123,"column":27},"end":{"line":123,"column":null}},"28":{"start":{"line":125,"column":2},"end":{"line":125,"column":null}},"29":{"start":{"line":143,"column":2},"end":{"line":145,"column":null}},"30":{"start":{"line":144,"column":4},"end":{"line":144,"column":null}},"31":{"start":{"line":148,"column":2},"end":{"line":155,"column":null}},"32":{"start":{"line":149,"column":4},"end":{"line":151,"column":null}},"33":{"start":{"line":150,"column":6},"end":{"line":150,"column":null}},"34":{"start":{"line":152,"column":4},"end":{"line":154,"column":null}},"35":{"start":{"line":153,"column":6},"end":{"line":153,"column":null}},"36":{"start":{"line":158,"column":14},"end":{"line":158,"column":null}},"37":{"start":{"line":158,"column":47},"end":{"line":158,"column":58}},"38":{"start":{"line":159,"column":18},"end":{"line":159,"column":null}},"39":{"start":{"line":161,"column":27},"end":{"line":161,"column":null}},"40":{"start":{"line":162,"column":20},"end":{"line":162,"column":null}},"41":{"start":{"line":165,"column":2},"end":{"line":177,"column":null}},"42":{"start":{"line":167,"column":19},"end":{"line":167,"column":null}},"43":{"start":{"line":167,"column":51},"end":{"line":167,"column":56}},"44":{"start":{"line":168,"column":19},"end":{"line":168,"column":null}},"45":{"start":{"line":171,"column":4},"end":{"line":174,"column":null}},"46":{"start":{"line":172,"column":26},"end":{"line":172,"column":null}},"47":{"start":{"line":173,"column":6},"end":{"line":173,"column":null}},"48":{"start":{"line":176,"column":4},"end":{"line":176,"column":null}},"49":{"start":{"line":179,"column":2},"end":{"line":183,"column":null}},"50":{"start":{"line":201,"column":2},"end":{"line":204,"column":null}},"51":{"start":{"line":206,"column":2},"end":{"line":210,"column":null}},"52":{"start":{"line":207,"column":18},"end":{"line":207,"column":null}},"53":{"start":{"line":208,"column":4},"end":{"line":208,"column":null}},"54":{"start":{"line":209,"column":4},"end":{"line":209,"column":null}},"55":{"start":{"line":212,"column":2},"end":{"line":216,"column":null}},"56":{"start":{"line":213,"column":18},"end":{"line":213,"column":null}},"57":{"start":{"line":214,"column":4},"end":{"line":214,"column":null}},"58":{"start":{"line":215,"column":4},"end":{"line":215,"column":null}},"59":{"start":{"line":219,"column":20},"end":{"line":219,"column":null}},"60":{"start":{"line":221,"column":20},"end":{"line":221,"column":null}},"61":{"start":{"line":222,"column":17},"end":{"line":222,"column":null}},"62":{"start":{"line":225,"column":2},"end":{"line":230,"column":null}},"63":{"start":{"line":233,"column":2},"end":{"line":233,"column":null}},"64":{"start":{"line":235,"column":2},"end":{"line":241,"column":null}},"65":{"start":{"line":256,"column":2},"end":{"line":258,"column":null}},"66":{"start":{"line":257,"column":4},"end":{"line":257,"column":null}},"67":{"start":{"line":260,"column":2},"end":{"line":262,"column":null}},"68":{"start":{"line":261,"column":4},"end":{"line":261,"column":null}},"69":{"start":{"line":265,"column":2},"end":{"line":267,"column":null}},"70":{"start":{"line":266,"column":4},"end":{"line":266,"column":null}},"71":{"start":{"line":271,"column":29},"end":{"line":271,"column":null}},"72":{"start":{"line":274,"column":27},"end":{"line":274,"column":null}},"73":{"start":{"line":276,"column":2},"end":{"line":276,"column":null}},"74":{"start":{"line":292,"column":28},"end":{"line":292,"column":null}},"75":{"start":{"line":293,"column":29},"end":{"line":293,"column":null}},"76":{"start":{"line":295,"column":23},"end":{"line":295,"column":null}},"77":{"start":{"line":297,"column":2},"end":{"line":297,"column":null}},"78":{"start":{"line":310,"column":2},"end":{"line":312,"column":null}},"79":{"start":{"line":311,"column":4},"end":{"line":311,"column":null}},"80":{"start":{"line":314,"column":2},"end":{"line":316,"column":null}},"81":{"start":{"line":315,"column":4},"end":{"line":315,"column":null}},"82":{"start":{"line":319,"column":28},"end":{"line":319,"column":null}},"83":{"start":{"line":320,"column":14},"end":{"line":320,"column":null}},"84":{"start":{"line":322,"column":2},"end":{"line":322,"column":null}}},"fnMap":{"0":{"name":"calculateACH50","decl":{"start":{"line":44,"column":16},"end":{"line":44,"column":31}},"loc":{"start":{"line":44,"column":75},"end":{"line":80,"column":null}},"line":44},"1":{"name":"applyWeatherCorrections","decl":{"start":{"line":95,"column":16},"end":{"line":95,"column":40}},"loc":{"start":{"line":95,"column":79},"end":{"line":126,"column":null}},"line":95},"2":{"name":"averageMultiPointTests","decl":{"start":{"line":139,"column":16},"end":{"line":139,"column":null}},"loc":{"start":{"line":142,"column":66},"end":{"line":184,"column":null}},"line":142},"3":{"name":"(anonymous_3)","decl":{"start":{"line":158,"column":33},"end":{"line":158,"column":34}},"loc":{"start":{"line":158,"column":47},"end":{"line":158,"column":58}},"line":158},"4":{"name":"(anonymous_4)","decl":{"start":{"line":167,"column":41},"end":{"line":167,"column":42}},"loc":{"start":{"line":167,"column":51},"end":{"line":167,"column":56}},"line":167},"5":{"name":"(anonymous_5)","decl":{"start":{"line":171,"column":34},"end":{"line":171,"column":45}},"loc":{"start":{"line":171,"column":45},"end":{"line":174,"column":5}},"line":171},"6":{"name":"checkMinnesotaCompliance","decl":{"start":{"line":196,"column":16},"end":{"line":196,"column":null}},"loc":{"start":{"line":199,"column":20},"end":{"line":242,"column":null}},"line":199},"7":{"name":"calculateAltitudeCorrection","decl":{"start":{"line":255,"column":16},"end":{"line":255,"column":44}},"loc":{"start":{"line":255,"column":74},"end":{"line":277,"column":null}},"line":255},"8":{"name":"applyCorrectedCFM50","decl":{"start":{"line":287,"column":16},"end":{"line":287,"column":null}},"loc":{"start":{"line":291,"column":10},"end":{"line":298,"column":null}},"line":291},"9":{"name":"calculateELA","decl":{"start":{"line":309,"column":16},"end":{"line":309,"column":29}},"loc":{"start":{"line":309,"column":52},"end":{"line":323,"column":null}},"line":309}},"branchMap":{"0":{"loc":{"start":{"line":52,"column":2},"end":{"line":56,"column":null}},"type":"if","locations":[{"start":{"line":52,"column":2},"end":{"line":56,"column":null}},{"start":{},"end":{}}],"line":52},"1":{"loc":{"start":{"line":58,"column":2},"end":{"line":62,"column":null}},"type":"if","locations":[{"start":{"line":58,"column":2},"end":{"line":62,"column":null}},{"start":{},"end":{}}],"line":58},"2":{"loc":{"start":{"line":64,"column":2},"end":{"line":68,"column":null}},"type":"if","locations":[{"start":{"line":64,"column":2},"end":{"line":68,"column":null}},{"start":{},"end":{}}],"line":64},"3":{"loc":{"start":{"line":64,"column":6},"end":{"line":64,"column":64}},"type":"binary-expr","locations":[{"start":{"line":64,"column":6},"end":{"line":64,"column":33}},{"start":{"line":64,"column":33},"end":{"line":64,"column":64}}],"line":64},"4":{"loc":{"start":{"line":77,"column":5},"end":{"line":77,"column":38}},"type":"cond-expr","locations":[{"start":{"line":77,"column":20},"end":{"line":77,"column":29}},{"start":{"line":77,"column":29},"end":{"line":77,"column":38}}],"line":77},"5":{"loc":{"start":{"line":99,"column":2},"end":{"line":101,"column":null}},"type":"if","locations":[{"start":{"line":99,"column":2},"end":{"line":101,"column":null}},{"start":{},"end":{}}],"line":99},"6":{"loc":{"start":{"line":99,"column":6},"end":{"line":99,"column":49}},"type":"binary-expr","locations":[{"start":{"line":99,"column":6},"end":{"line":99,"column":28}},{"start":{"line":99,"column":28},"end":{"line":99,"column":49}}],"line":99},"7":{"loc":{"start":{"line":104,"column":2},"end":{"line":106,"column":null}},"type":"if","locations":[{"start":{"line":104,"column":2},"end":{"line":106,"column":null}},{"start":{},"end":{}}],"line":104},"8":{"loc":{"start":{"line":104,"column":6},"end":{"line":104,"column":58}},"type":"binary-expr","locations":[{"start":{"line":104,"column":6},"end":{"line":104,"column":33}},{"start":{"line":104,"column":33},"end":{"line":104,"column":58}}],"line":104},"9":{"loc":{"start":{"line":108,"column":2},"end":{"line":110,"column":null}},"type":"if","locations":[{"start":{"line":108,"column":2},"end":{"line":110,"column":null}},{"start":{},"end":{}}],"line":108},"10":{"loc":{"start":{"line":108,"column":6},"end":{"line":108,"column":109}},"type":"binary-expr","locations":[{"start":{"line":108,"column":6},"end":{"line":108,"column":38}},{"start":{"line":108,"column":38},"end":{"line":108,"column":71}},{"start":{"line":108,"column":71},"end":{"line":108,"column":109}}],"line":108},"11":{"loc":{"start":{"line":141,"column":2},"end":{"line":141,"column":null}},"type":"default-arg","locations":[{"start":{"line":141,"column":28},"end":{"line":141,"column":null}}],"line":141},"12":{"loc":{"start":{"line":143,"column":2},"end":{"line":145,"column":null}},"type":"if","locations":[{"start":{"line":143,"column":2},"end":{"line":145,"column":null}},{"start":{},"end":{}}],"line":143},"13":{"loc":{"start":{"line":143,"column":6},"end":{"line":143,"column":48}},"type":"binary-expr","locations":[{"start":{"line":143,"column":6},"end":{"line":143,"column":22}},{"start":{"line":143,"column":22},"end":{"line":143,"column":48}}],"line":143},"14":{"loc":{"start":{"line":149,"column":4},"end":{"line":151,"column":null}},"type":"if","locations":[{"start":{"line":149,"column":4},"end":{"line":151,"column":null}},{"start":{},"end":{}}],"line":149},"15":{"loc":{"start":{"line":152,"column":4},"end":{"line":154,"column":null}},"type":"if","locations":[{"start":{"line":152,"column":4},"end":{"line":154,"column":null}},{"start":{},"end":{}}],"line":152},"16":{"loc":{"start":{"line":165,"column":2},"end":{"line":177,"column":null}},"type":"if","locations":[{"start":{"line":165,"column":2},"end":{"line":177,"column":null}},{"start":{},"end":{}}],"line":165},"17":{"loc":{"start":{"line":165,"column":6},"end":{"line":165,"column":49}},"type":"binary-expr","locations":[{"start":{"line":165,"column":6},"end":{"line":165,"column":24}},{"start":{"line":165,"column":24},"end":{"line":165,"column":49}}],"line":165},"18":{"loc":{"start":{"line":181,"column":14},"end":{"line":181,"column":null}},"type":"cond-expr","locations":[{"start":{"line":181,"column":28},"end":{"line":181,"column":39}},{"start":{"line":181,"column":39},"end":{"line":181,"column":null}}],"line":181},"19":{"loc":{"start":{"line":198,"column":2},"end":{"line":198,"column":null}},"type":"default-arg","locations":[{"start":{"line":198,"column":21},"end":{"line":198,"column":null}}],"line":198},"20":{"loc":{"start":{"line":206,"column":2},"end":{"line":210,"column":null}},"type":"if","locations":[{"start":{"line":206,"column":2},"end":{"line":210,"column":null}},{"start":{},"end":{}}],"line":206},"21":{"loc":{"start":{"line":212,"column":2},"end":{"line":216,"column":null}},"type":"if","locations":[{"start":{"line":212,"column":2},"end":{"line":216,"column":null}},{"start":{},"end":{}}],"line":212},"22":{"loc":{"start":{"line":230,"column":5},"end":{"line":230,"column":35}},"type":"cond-expr","locations":[{"start":{"line":230,"column":17},"end":{"line":230,"column":26}},{"start":{"line":230,"column":26},"end":{"line":230,"column":35}}],"line":230},"23":{"loc":{"start":{"line":256,"column":2},"end":{"line":258,"column":null}},"type":"if","locations":[{"start":{"line":256,"column":2},"end":{"line":258,"column":null}},{"start":{},"end":{}}],"line":256},"24":{"loc":{"start":{"line":260,"column":2},"end":{"line":262,"column":null}},"type":"if","locations":[{"start":{"line":260,"column":2},"end":{"line":262,"column":null}},{"start":{},"end":{}}],"line":260},"25":{"loc":{"start":{"line":265,"column":2},"end":{"line":267,"column":null}},"type":"if","locations":[{"start":{"line":265,"column":2},"end":{"line":267,"column":null}},{"start":{},"end":{}}],"line":265},"26":{"loc":{"start":{"line":290,"column":2},"end":{"line":290,"column":null}},"type":"default-arg","locations":[{"start":{"line":290,"column":25},"end":{"line":290,"column":null}}],"line":290},"27":{"loc":{"start":{"line":310,"column":2},"end":{"line":312,"column":null}},"type":"if","locations":[{"start":{"line":310,"column":2},"end":{"line":312,"column":null}},{"start":{},"end":{}}],"line":310},"28":{"loc":{"start":{"line":314,"column":2},"end":{"line":316,"column":null}},"type":"if","locations":[{"start":{"line":314,"column":2},"end":{"line":316,"column":null}},{"start":{},"end":{}}],"line":314}},"s":{"0":22,"1":22,"2":2,"3":2,"4":2,"5":20,"6":1,"7":1,"8":1,"9":19,"10":4,"11":4,"12":4,"13":15,"14":15,"15":22,"16":18,"17":18,"18":2,"19":16,"20":2,"21":14,"22":2,"23":12,"24":12,"25":12,"26":12,"27":12,"28":12,"29":16,"30":1,"31":15,"32":51,"33":1,"34":50,"35":2,"36":12,"37":45,"38":12,"39":12,"40":12,"41":12,"42":9,"43":57,"44":9,"45":9,"46":39,"47":39,"48":9,"49":12,"50":12,"51":12,"52":1,"53":1,"54":1,"55":11,"56":2,"57":2,"58":2,"59":9,"60":9,"61":9,"62":9,"63":12,"64":12,"65":12,"66":1,"67":11,"68":2,"69":9,"70":3,"71":6,"72":6,"73":6,"74":4,"75":4,"76":4,"77":4,"78":7,"79":1,"80":6,"81":2,"82":4,"83":4,"84":4},"f":{"0":22,"1":18,"2":16,"3":45,"4":57,"5":39,"6":12,"7":12,"8":4,"9":7},"b":{"0":[2,20],"1":[1,19],"2":[4,15],"3":[19,17],"4":[8,7],"5":[2,16],"6":[18,17],"7":[2,14],"8":[16,15],"9":[2,12],"10":[14,13,13],"11":[16],"12":[1,15],"13":[16,16],"14":[1,50],"15":[2,48],"16":[9,3],"17":[12,11],"18":[3,9],"19":[12],"20":[1,11],"21":[2,9],"22":[6,3],"23":[1,11],"24":[2,9],"25":[3,6],"26":[4],"27":[1,6],"28":[2,4]},"meta":{"lastBranch":29,"lastFunction":10,"lastStatement":85,"seen":{"f:44:16:44:31":0,"s:46:2:49:Infinity":0,"b:52:2:56:Infinity:undefined:undefined:undefined:undefined":0,"s:52:2:56:Infinity":1,"s:53:18:53:Infinity":2,"s:54:4:54:Infinity":3,"s:55:4:55:Infinity":4,"b:58:2:62:Infinity:undefined:undefined:undefined:undefined":1,"s:58:2:62:Infinity":5,"s:59:18:59:Infinity":6,"s:60:4:60:Infinity":7,"s:61:4:61:Infinity":8,"b:64:2:68:Infinity:undefined:undefined:undefined:undefined":2,"s:64:2:68:Infinity":9,"b:64:6:64:33:64:33:64:64":3,"s:65:18:65:Infinity":10,"s:66:4:66:Infinity":11,"s:67:4:67:Infinity":12,"s:71:17:71:Infinity":13,"s:74:2:77:Infinity":14,"b:77:20:77:29:77:29:77:38":4,"s:79:2:79:Infinity":15,"f:95:16:95:40":1,"s:96:58:96:Infinity":16,"b:99:2:101:Infinity:undefined:undefined:undefined:undefined":5,"s:99:2:101:Infinity":17,"b:99:6:99:28:99:28:99:49":6,"s:100:4:100:Infinity":18,"b:104:2:106:Infinity:undefined:undefined:undefined:undefined":7,"s:104:2:106:Infinity":19,"b:104:6:104:33:104:33:104:58":8,"s:105:4:105:Infinity":20,"b:108:2:110:Infinity:undefined:undefined:undefined:undefined":9,"s:108:2:110:Infinity":21,"b:108:6:108:38:108:38:108:71:108:71:108:109":10,"s:109:4:109:Infinity":22,"s:113:24:113:Infinity":23,"s:114:25:114:Infinity":24,"s:117:25:117:Infinity":25,"s:120:29:120:Infinity":26,"s:123:27:123:Infinity":27,"s:125:2:125:Infinity":28,"f:139:16:139:Infinity":2,"b:141:28:141:Infinity":11,"b:143:2:145:Infinity:undefined:undefined:undefined:undefined":12,"s:143:2:145:Infinity":29,"b:143:6:143:22:143:22:143:48":13,"s:144:4:144:Infinity":30,"s:148:2:155:Infinity":31,"b:149:4:151:Infinity:undefined:undefined:undefined:undefined":14,"s:149:4:151:Infinity":32,"s:150:6:150:Infinity":33,"b:152:4:154:Infinity:undefined:undefined:undefined:undefined":15,"s:152:4:154:Infinity":34,"s:153:6:153:Infinity":35,"s:158:14:158:Infinity":36,"f:158:33:158:34":3,"s:158:47:158:58":37,"s:159:18:159:Infinity":38,"s:161:27:161:Infinity":39,"s:162:20:162:Infinity":40,"b:165:2:177:Infinity:undefined:undefined:undefined:undefined":16,"s:165:2:177:Infinity":41,"b:165:6:165:24:165:24:165:49":17,"s:167:19:167:Infinity":42,"f:167:41:167:42":4,"s:167:51:167:56":43,"s:168:19:168:Infinity":44,"s:171:4:174:Infinity":45,"f:171:34:171:45":5,"s:172:26:172:Infinity":46,"s:173:6:173:Infinity":47,"s:176:4:176:Infinity":48,"s:179:2:183:Infinity":49,"b:181:28:181:39:181:39:181:Infinity":18,"f:196:16:196:Infinity":6,"b:198:21:198:Infinity":19,"s:201:2:204:Infinity":50,"b:206:2:210:Infinity:undefined:undefined:undefined:undefined":20,"s:206:2:210:Infinity":51,"s:207:18:207:Infinity":52,"s:208:4:208:Infinity":53,"s:209:4:209:Infinity":54,"b:212:2:216:Infinity:undefined:undefined:undefined:undefined":21,"s:212:2:216:Infinity":55,"s:213:18:213:Infinity":56,"s:214:4:214:Infinity":57,"s:215:4:215:Infinity":58,"s:219:20:219:Infinity":59,"s:221:20:221:Infinity":60,"s:222:17:222:Infinity":61,"s:225:2:230:Infinity":62,"b:230:17:230:26:230:26:230:35":22,"s:233:2:233:Infinity":63,"s:235:2:241:Infinity":64,"f:255:16:255:44":7,"b:256:2:258:Infinity:undefined:undefined:undefined:undefined":23,"s:256:2:258:Infinity":65,"s:257:4:257:Infinity":66,"b:260:2:262:Infinity:undefined:undefined:undefined:undefined":24,"s:260:2:262:Infinity":67,"s:261:4:261:Infinity":68,"b:265:2:267:Infinity:undefined:undefined:undefined:undefined":25,"s:265:2:267:Infinity":69,"s:266:4:266:Infinity":70,"s:271:29:271:Infinity":71,"s:274:27:274:Infinity":72,"s:276:2:276:Infinity":73,"f:287:16:287:Infinity":8,"b:290:25:290:Infinity":26,"s:292:28:292:Infinity":74,"s:293:29:293:Infinity":75,"s:295:23:295:Infinity":76,"s:297:2:297:Infinity":77,"f:309:16:309:29":9,"b:310:2:312:Infinity:undefined:undefined:undefined:undefined":27,"s:310:2:312:Infinity":78,"s:311:4:311:Infinity":79,"b:314:2:316:Infinity:undefined:undefined:undefined:undefined":28,"s:314:2:316:Infinity":80,"s:315:4:315:Infinity":81,"s:319:28:319:Infinity":82,"s:320:14:320:Infinity":83,"s:322:2:322:Infinity":84}}}
,"/workspaces/AuditForecaster/server/builderService.ts": {"path":"/workspaces/AuditForecaster/server/builderService.ts","statementMap":{"0":{"start":{"line":7,"column":50},"end":{"line":17,"column":null}},"1":{"start":{"line":24,"column":2},"end":{"line":24,"column":null}},"2":{"start":{"line":24,"column":37},"end":{"line":24,"column":null}},"3":{"start":{"line":26,"column":20},"end":{"line":26,"column":null}},"4":{"start":{"line":26,"column":37},"end":{"line":26,"column":null}},"5":{"start":{"line":27,"column":25},"end":{"line":27,"column":null}},"6":{"start":{"line":28,"column":25},"end":{"line":28,"column":null}},"7":{"start":{"line":31,"column":2},"end":{"line":31,"column":null}},"8":{"start":{"line":31,"column":41},"end":{"line":31,"column":null}},"9":{"start":{"line":34,"column":20},"end":{"line":34,"column":null}},"10":{"start":{"line":35,"column":20},"end":{"line":35,"column":null}},"11":{"start":{"line":38,"column":2},"end":{"line":38,"column":null}},"12":{"start":{"line":38,"column":43},"end":{"line":38,"column":null}},"13":{"start":{"line":41,"column":18},"end":{"line":41,"column":null}},"14":{"start":{"line":42,"column":2},"end":{"line":75,"column":null}},"15":{"start":{"line":43,"column":18},"end":{"line":43,"column":null}},"16":{"start":{"line":46,"column":4},"end":{"line":72,"column":null}},"17":{"start":{"line":47,"column":23},"end":{"line":47,"column":null}},"18":{"start":{"line":50,"column":6},"end":{"line":54,"column":null}},"19":{"start":{"line":51,"column":8},"end":{"line":51,"column":null}},"20":{"start":{"line":52,"column":8},"end":{"line":52,"column":null}},"21":{"start":{"line":53,"column":8},"end":{"line":53,"column":null}},"22":{"start":{"line":57,"column":6},"end":{"line":61,"column":null}},"23":{"start":{"line":58,"column":8},"end":{"line":58,"column":null}},"24":{"start":{"line":59,"column":8},"end":{"line":59,"column":null}},"25":{"start":{"line":60,"column":8},"end":{"line":60,"column":null}},"26":{"start":{"line":64,"column":20},"end":{"line":64,"column":null}},"27":{"start":{"line":65,"column":6},"end":{"line":69,"column":null}},"28":{"start":{"line":66,"column":8},"end":{"line":66,"column":null}},"29":{"start":{"line":67,"column":8},"end":{"line":67,"column":null}},"30":{"start":{"line":68,"column":8},"end":{"line":68,"column":null}},"31":{"start":{"line":71,"column":6},"end":{"line":71,"column":null}},"32":{"start":{"line":74,"column":4},"end":{"line":74,"column":null}},"33":{"start":{"line":74,"column":18},"end":{"line":74,"column":null}},"34":{"start":{"line":77,"column":2},"end":{"line":77,"column":null}},"35":{"start":{"line":88,"column":27},"end":{"line":88,"column":null}},"36":{"start":{"line":91,"column":2},"end":{"line":101,"column":null}},"37":{"start":{"line":92,"column":4},"end":{"line":92,"column":null}},"38":{"start":{"line":95,"column":4},"end":{"line":97,"column":null}},"39":{"start":{"line":96,"column":6},"end":{"line":96,"column":null}},"40":{"start":{"line":98,"column":4},"end":{"line":100,"column":null}},"41":{"start":{"line":99,"column":6},"end":{"line":99,"column":null}},"42":{"start":{"line":104,"column":2},"end":{"line":109,"column":null}},"43":{"start":{"line":105,"column":23},"end":{"line":105,"column":null}},"44":{"start":{"line":106,"column":4},"end":{"line":108,"column":null}},"45":{"start":{"line":107,"column":6},"end":{"line":107,"column":null}},"46":{"start":{"line":112,"column":2},"end":{"line":119,"column":null}},"47":{"start":{"line":114,"column":23},"end":{"line":114,"column":null}},"48":{"start":{"line":116,"column":4},"end":{"line":118,"column":null}},"49":{"start":{"line":117,"column":6},"end":{"line":117,"column":null}},"50":{"start":{"line":122,"column":2},"end":{"line":127,"column":null}},"51":{"start":{"line":123,"column":23},"end":{"line":123,"column":null}},"52":{"start":{"line":124,"column":4},"end":{"line":126,"column":null}},"53":{"start":{"line":125,"column":6},"end":{"line":125,"column":null}},"54":{"start":{"line":130,"column":2},"end":{"line":134,"column":null}},"55":{"start":{"line":131,"column":4},"end":{"line":133,"column":null}},"56":{"start":{"line":132,"column":6},"end":{"line":132,"column":null}},"57":{"start":{"line":137,"column":2},"end":{"line":141,"column":null}},"58":{"start":{"line":138,"column":4},"end":{"line":140,"column":null}},"59":{"start":{"line":139,"column":6},"end":{"line":139,"column":null}},"60":{"start":{"line":143,"column":2},"end":{"line":149,"column":null}},"61":{"start":{"line":144,"column":4},"end":{"line":148,"column":null}},"62":{"start":{"line":151,"column":2},"end":{"line":151,"column":null}},"63":{"start":{"line":162,"column":27},"end":{"line":162,"column":null}},"64":{"start":{"line":165,"column":2},"end":{"line":169,"column":null}},"65":{"start":{"line":166,"column":4},"end":{"line":166,"column":null}},"66":{"start":{"line":167,"column":2},"end":{"line":169,"column":null}},"67":{"start":{"line":168,"column":4},"end":{"line":168,"column":null}},"68":{"start":{"line":172,"column":2},"end":{"line":179,"column":null}},"69":{"start":{"line":173,"column":4},"end":{"line":173,"column":null}},"70":{"start":{"line":175,"column":27},"end":{"line":175,"column":null}},"71":{"start":{"line":176,"column":4},"end":{"line":178,"column":null}},"72":{"start":{"line":177,"column":6},"end":{"line":177,"column":null}},"73":{"start":{"line":182,"column":2},"end":{"line":187,"column":null}},"74":{"start":{"line":183,"column":23},"end":{"line":183,"column":null}},"75":{"start":{"line":184,"column":4},"end":{"line":186,"column":null}},"76":{"start":{"line":185,"column":6},"end":{"line":185,"column":null}},"77":{"start":{"line":190,"column":2},"end":{"line":195,"column":null}},"78":{"start":{"line":191,"column":23},"end":{"line":191,"column":null}},"79":{"start":{"line":192,"column":4},"end":{"line":194,"column":null}},"80":{"start":{"line":193,"column":6},"end":{"line":193,"column":null}},"81":{"start":{"line":198,"column":2},"end":{"line":203,"column":null}},"82":{"start":{"line":199,"column":23},"end":{"line":199,"column":null}},"83":{"start":{"line":200,"column":4},"end":{"line":202,"column":null}},"84":{"start":{"line":201,"column":6},"end":{"line":201,"column":null}},"85":{"start":{"line":206,"column":2},"end":{"line":211,"column":null}},"86":{"start":{"line":207,"column":25},"end":{"line":207,"column":null}},"87":{"start":{"line":208,"column":4},"end":{"line":210,"column":null}},"88":{"start":{"line":209,"column":6},"end":{"line":209,"column":null}},"89":{"start":{"line":213,"column":2},"end":{"line":219,"column":null}},"90":{"start":{"line":214,"column":4},"end":{"line":218,"column":null}},"91":{"start":{"line":221,"column":2},"end":{"line":221,"column":null}},"92":{"start":{"line":231,"column":2},"end":{"line":233,"column":null}},"93":{"start":{"line":232,"column":4},"end":{"line":232,"column":null}},"94":{"start":{"line":235,"column":20},"end":{"line":235,"column":null}},"95":{"start":{"line":237,"column":2},"end":{"line":239,"column":null}},"96":{"start":{"line":238,"column":4},"end":{"line":238,"column":null}},"97":{"start":{"line":241,"column":2},"end":{"line":251,"column":null}},"98":{"start":{"line":242,"column":20},"end":{"line":242,"column":null}},"99":{"start":{"line":244,"column":4},"end":{"line":246,"column":null}},"100":{"start":{"line":245,"column":6},"end":{"line":245,"column":null}},"101":{"start":{"line":248,"column":4},"end":{"line":250,"column":null}},"102":{"start":{"line":249,"column":6},"end":{"line":249,"column":null}},"103":{"start":{"line":253,"column":2},"end":{"line":253,"column":null}},"104":{"start":{"line":263,"column":2},"end":{"line":265,"column":null}},"105":{"start":{"line":264,"column":4},"end":{"line":264,"column":null}},"106":{"start":{"line":267,"column":25},"end":{"line":267,"column":null}},"107":{"start":{"line":269,"column":2},"end":{"line":271,"column":null}},"108":{"start":{"line":270,"column":4},"end":{"line":270,"column":null}},"109":{"start":{"line":273,"column":2},"end":{"line":283,"column":null}},"110":{"start":{"line":274,"column":27},"end":{"line":274,"column":null}},"111":{"start":{"line":276,"column":4},"end":{"line":278,"column":null}},"112":{"start":{"line":277,"column":6},"end":{"line":277,"column":null}},"113":{"start":{"line":280,"column":4},"end":{"line":282,"column":null}},"114":{"start":{"line":281,"column":6},"end":{"line":281,"column":null}},"115":{"start":{"line":285,"column":2},"end":{"line":285,"column":null}},"116":{"start":{"line":292,"column":2},"end":{"line":294,"column":null}},"117":{"start":{"line":293,"column":4},"end":{"line":293,"column":null}},"118":{"start":{"line":296,"column":15},"end":{"line":296,"column":null}},"119":{"start":{"line":298,"column":2},"end":{"line":300,"column":null}},"120":{"start":{"line":299,"column":4},"end":{"line":299,"column":null}},"121":{"start":{"line":303,"column":14},"end":{"line":303,"column":null}},"122":{"start":{"line":304,"column":2},"end":{"line":306,"column":null}},"123":{"start":{"line":305,"column":4},"end":{"line":305,"column":null}},"124":{"start":{"line":308,"column":2},"end":{"line":308,"column":null}},"125":{"start":{"line":319,"column":14},"end":{"line":319,"column":null}},"126":{"start":{"line":320,"column":2},"end":{"line":320,"column":null}},"127":{"start":{"line":320,"column":12},"end":{"line":320,"column":null}},"128":{"start":{"line":321,"column":2},"end":{"line":323,"column":null}},"129":{"start":{"line":322,"column":4},"end":{"line":322,"column":null}},"130":{"start":{"line":324,"column":2},"end":{"line":324,"column":null}},"131":{"start":{"line":335,"column":14},"end":{"line":335,"column":null}},"132":{"start":{"line":336,"column":2},"end":{"line":336,"column":null}},"133":{"start":{"line":336,"column":12},"end":{"line":336,"column":null}},"134":{"start":{"line":337,"column":2},"end":{"line":339,"column":null}},"135":{"start":{"line":338,"column":4},"end":{"line":338,"column":null}},"136":{"start":{"line":340,"column":2},"end":{"line":340,"column":null}},"137":{"start":{"line":351,"column":2},"end":{"line":357,"column":null}},"138":{"start":{"line":352,"column":4},"end":{"line":356,"column":null}},"139":{"start":{"line":359,"column":14},"end":{"line":359,"column":null}},"140":{"start":{"line":360,"column":18},"end":{"line":360,"column":null}},"141":{"start":{"line":361,"column":30},"end":{"line":361,"column":null}},"142":{"start":{"line":363,"column":2},"end":{"line":393,"column":null}},"143":{"start":{"line":364,"column":4},"end":{"line":368,"column":null}},"144":{"start":{"line":369,"column":2},"end":{"line":393,"column":null}},"145":{"start":{"line":370,"column":4},"end":{"line":374,"column":null}},"146":{"start":{"line":375,"column":2},"end":{"line":393,"column":null}},"147":{"start":{"line":376,"column":4},"end":{"line":380,"column":null}},"148":{"start":{"line":381,"column":2},"end":{"line":393,"column":null}},"149":{"start":{"line":382,"column":4},"end":{"line":386,"column":null}},"150":{"start":{"line":388,"column":4},"end":{"line":392,"column":null}},"151":{"start":{"line":400,"column":21},"end":{"line":400,"column":null}},"152":{"start":{"line":401,"column":2},"end":{"line":406,"column":null}},"153":{"start":{"line":402,"column":4},"end":{"line":405,"column":null}},"154":{"start":{"line":407,"column":2},"end":{"line":407,"column":null}}},"fnMap":{"0":{"name":"matchesCompanyAbbreviation","decl":{"start":{"line":23,"column":16},"end":{"line":23,"column":43}},"loc":{"start":{"line":23,"column":95},"end":{"line":78,"column":null}},"line":23},"1":{"name":"(anonymous_1)","decl":{"start":{"line":26,"column":20},"end":{"line":26,"column":21}},"loc":{"start":{"line":26,"column":37},"end":{"line":26,"column":null}},"line":26},"2":{"name":"validateBuilderFields","decl":{"start":{"line":83,"column":16},"end":{"line":83,"column":38}},"loc":{"start":{"line":87,"column":2},"end":{"line":152,"column":null}},"line":87},"3":{"name":"validateContact","decl":{"start":{"line":157,"column":16},"end":{"line":157,"column":32}},"loc":{"start":{"line":161,"column":2},"end":{"line":222,"column":null}},"line":161},"4":{"name":"validateAgreementDates","decl":{"start":{"line":227,"column":16},"end":{"line":227,"column":39}},"loc":{"start":{"line":230,"column":39},"end":{"line":254,"column":null}},"line":230},"5":{"name":"validateProgramDates","decl":{"start":{"line":259,"column":16},"end":{"line":259,"column":37}},"loc":{"start":{"line":262,"column":39},"end":{"line":286,"column":null}},"line":262},"6":{"name":"validateInteractionDate","decl":{"start":{"line":291,"column":16},"end":{"line":291,"column":40}},"loc":{"start":{"line":291,"column":108},"end":{"line":309,"column":null}},"line":291},"7":{"name":"validateLotBelongsToDevelopment","decl":{"start":{"line":314,"column":22},"end":{"line":314,"column":null}},"loc":{"start":{"line":318,"column":47},"end":{"line":325,"column":null}},"line":318},"8":{"name":"validateJobBelongsToLot","decl":{"start":{"line":330,"column":22},"end":{"line":330,"column":null}},"loc":{"start":{"line":334,"column":47},"end":{"line":341,"column":null}},"line":334},"9":{"name":"categorizeAgreementExpiration","decl":{"start":{"line":346,"column":16},"end":{"line":346,"column":46}},"loc":{"start":{"line":350,"column":2},"end":{"line":394,"column":null}},"line":350},"10":{"name":"validateContactRole","decl":{"start":{"line":399,"column":16},"end":{"line":399,"column":36}},"loc":{"start":{"line":399,"column":86},"end":{"line":408,"column":null}},"line":399}},"branchMap":{"0":{"loc":{"start":{"line":24,"column":2},"end":{"line":24,"column":null}},"type":"if","locations":[{"start":{"line":24,"column":2},"end":{"line":24,"column":null}},{"start":{},"end":{}}],"line":24},"1":{"loc":{"start":{"line":24,"column":6},"end":{"line":24,"column":37}},"type":"binary-expr","locations":[{"start":{"line":24,"column":6},"end":{"line":24,"column":19}},{"start":{"line":24,"column":19},"end":{"line":24,"column":37}}],"line":24},"2":{"loc":{"start":{"line":31,"column":2},"end":{"line":31,"column":null}},"type":"if","locations":[{"start":{"line":31,"column":2},"end":{"line":31,"column":null}},{"start":{},"end":{}}],"line":31},"3":{"loc":{"start":{"line":38,"column":2},"end":{"line":38,"column":null}},"type":"if","locations":[{"start":{"line":38,"column":2},"end":{"line":38,"column":null}},{"start":{},"end":{}}],"line":38},"4":{"loc":{"start":{"line":50,"column":6},"end":{"line":54,"column":null}},"type":"if","locations":[{"start":{"line":50,"column":6},"end":{"line":54,"column":null}},{"start":{},"end":{}}],"line":50},"5":{"loc":{"start":{"line":57,"column":6},"end":{"line":61,"column":null}},"type":"if","locations":[{"start":{"line":57,"column":6},"end":{"line":61,"column":null}},{"start":{},"end":{}}],"line":57},"6":{"loc":{"start":{"line":65,"column":6},"end":{"line":69,"column":null}},"type":"if","locations":[{"start":{"line":65,"column":6},"end":{"line":69,"column":null}},{"start":{},"end":{}}],"line":65},"7":{"loc":{"start":{"line":65,"column":10},"end":{"line":65,"column":45}},"type":"binary-expr","locations":[{"start":{"line":65,"column":10},"end":{"line":65,"column":19}},{"start":{"line":65,"column":19},"end":{"line":65,"column":45}}],"line":65},"8":{"loc":{"start":{"line":74,"column":4},"end":{"line":74,"column":null}},"type":"if","locations":[{"start":{"line":74,"column":4},"end":{"line":74,"column":null}},{"start":{},"end":{}}],"line":74},"9":{"loc":{"start":{"line":91,"column":2},"end":{"line":101,"column":null}},"type":"if","locations":[{"start":{"line":91,"column":2},"end":{"line":101,"column":null}},{"start":{"line":93,"column":9},"end":{"line":101,"column":null}}],"line":91},"10":{"loc":{"start":{"line":91,"column":6},"end":{"line":91,"column":71}},"type":"binary-expr","locations":[{"start":{"line":91,"column":6},"end":{"line":91,"column":30}},{"start":{"line":91,"column":30},"end":{"line":91,"column":71}}],"line":91},"11":{"loc":{"start":{"line":95,"column":4},"end":{"line":97,"column":null}},"type":"if","locations":[{"start":{"line":95,"column":4},"end":{"line":97,"column":null}},{"start":{},"end":{}}],"line":95},"12":{"loc":{"start":{"line":98,"column":4},"end":{"line":100,"column":null}},"type":"if","locations":[{"start":{"line":98,"column":4},"end":{"line":100,"column":null}},{"start":{},"end":{}}],"line":98},"13":{"loc":{"start":{"line":104,"column":2},"end":{"line":109,"column":null}},"type":"if","locations":[{"start":{"line":104,"column":2},"end":{"line":109,"column":null}},{"start":{},"end":{}}],"line":104},"14":{"loc":{"start":{"line":104,"column":6},"end":{"line":104,"column":56}},"type":"binary-expr","locations":[{"start":{"line":104,"column":6},"end":{"line":104,"column":23}},{"start":{"line":104,"column":23},"end":{"line":104,"column":56}}],"line":104},"15":{"loc":{"start":{"line":106,"column":4},"end":{"line":108,"column":null}},"type":"if","locations":[{"start":{"line":106,"column":4},"end":{"line":108,"column":null}},{"start":{},"end":{}}],"line":106},"16":{"loc":{"start":{"line":112,"column":2},"end":{"line":119,"column":null}},"type":"if","locations":[{"start":{"line":112,"column":2},"end":{"line":119,"column":null}},{"start":{},"end":{}}],"line":112},"17":{"loc":{"start":{"line":112,"column":6},"end":{"line":112,"column":56}},"type":"binary-expr","locations":[{"start":{"line":112,"column":6},"end":{"line":112,"column":23}},{"start":{"line":112,"column":23},"end":{"line":112,"column":56}}],"line":112},"18":{"loc":{"start":{"line":116,"column":4},"end":{"line":118,"column":null}},"type":"if","locations":[{"start":{"line":116,"column":4},"end":{"line":118,"column":null}},{"start":{},"end":{}}],"line":116},"19":{"loc":{"start":{"line":122,"column":2},"end":{"line":127,"column":null}},"type":"if","locations":[{"start":{"line":122,"column":2},"end":{"line":127,"column":null}},{"start":{},"end":{}}],"line":122},"20":{"loc":{"start":{"line":124,"column":4},"end":{"line":126,"column":null}},"type":"if","locations":[{"start":{"line":124,"column":4},"end":{"line":126,"column":null}},{"start":{},"end":{}}],"line":124},"21":{"loc":{"start":{"line":130,"column":2},"end":{"line":134,"column":null}},"type":"if","locations":[{"start":{"line":130,"column":2},"end":{"line":134,"column":null}},{"start":{},"end":{}}],"line":130},"22":{"loc":{"start":{"line":130,"column":6},"end":{"line":130,"column":63}},"type":"binary-expr","locations":[{"start":{"line":130,"column":6},"end":{"line":130,"column":38}},{"start":{"line":130,"column":38},"end":{"line":130,"column":63}}],"line":130},"23":{"loc":{"start":{"line":131,"column":4},"end":{"line":133,"column":null}},"type":"if","locations":[{"start":{"line":131,"column":4},"end":{"line":133,"column":null}},{"start":{},"end":{}}],"line":131},"24":{"loc":{"start":{"line":131,"column":8},"end":{"line":131,"column":50}},"type":"binary-expr","locations":[{"start":{"line":131,"column":8},"end":{"line":131,"column":30}},{"start":{"line":131,"column":30},"end":{"line":131,"column":50}}],"line":131},"25":{"loc":{"start":{"line":137,"column":2},"end":{"line":141,"column":null}},"type":"if","locations":[{"start":{"line":137,"column":2},"end":{"line":141,"column":null}},{"start":{},"end":{}}],"line":137},"26":{"loc":{"start":{"line":137,"column":6},"end":{"line":137,"column":85}},"type":"binary-expr","locations":[{"start":{"line":137,"column":6},"end":{"line":137,"column":49}},{"start":{"line":137,"column":49},"end":{"line":137,"column":85}}],"line":137},"27":{"loc":{"start":{"line":138,"column":4},"end":{"line":140,"column":null}},"type":"if","locations":[{"start":{"line":138,"column":4},"end":{"line":140,"column":null}},{"start":{},"end":{}}],"line":138},"28":{"loc":{"start":{"line":143,"column":2},"end":{"line":149,"column":null}},"type":"if","locations":[{"start":{"line":143,"column":2},"end":{"line":149,"column":null}},{"start":{},"end":{}}],"line":143},"29":{"loc":{"start":{"line":165,"column":2},"end":{"line":169,"column":null}},"type":"if","locations":[{"start":{"line":165,"column":2},"end":{"line":169,"column":null}},{"start":{"line":167,"column":2},"end":{"line":169,"column":null}}],"line":165},"30":{"loc":{"start":{"line":165,"column":6},"end":{"line":165,"column":57}},"type":"binary-expr","locations":[{"start":{"line":165,"column":6},"end":{"line":165,"column":23}},{"start":{"line":165,"column":23},"end":{"line":165,"column":57}}],"line":165},"31":{"loc":{"start":{"line":167,"column":2},"end":{"line":169,"column":null}},"type":"if","locations":[{"start":{"line":167,"column":2},"end":{"line":169,"column":null}},{"start":{},"end":{}}],"line":167},"32":{"loc":{"start":{"line":172,"column":2},"end":{"line":179,"column":null}},"type":"if","locations":[{"start":{"line":172,"column":2},"end":{"line":179,"column":null}},{"start":{"line":174,"column":9},"end":{"line":179,"column":null}}],"line":172},"33":{"loc":{"start":{"line":176,"column":4},"end":{"line":178,"column":null}},"type":"if","locations":[{"start":{"line":176,"column":4},"end":{"line":178,"column":null}},{"start":{},"end":{}}],"line":176},"34":{"loc":{"start":{"line":182,"column":2},"end":{"line":187,"column":null}},"type":"if","locations":[{"start":{"line":182,"column":2},"end":{"line":187,"column":null}},{"start":{},"end":{}}],"line":182},"35":{"loc":{"start":{"line":182,"column":6},"end":{"line":182,"column":56}},"type":"binary-expr","locations":[{"start":{"line":182,"column":6},"end":{"line":182,"column":23}},{"start":{"line":182,"column":23},"end":{"line":182,"column":56}}],"line":182},"36":{"loc":{"start":{"line":184,"column":4},"end":{"line":186,"column":null}},"type":"if","locations":[{"start":{"line":184,"column":4},"end":{"line":186,"column":null}},{"start":{},"end":{}}],"line":184},"37":{"loc":{"start":{"line":190,"column":2},"end":{"line":195,"column":null}},"type":"if","locations":[{"start":{"line":190,"column":2},"end":{"line":195,"column":null}},{"start":{},"end":{}}],"line":190},"38":{"loc":{"start":{"line":190,"column":6},"end":{"line":190,"column":56}},"type":"binary-expr","locations":[{"start":{"line":190,"column":6},"end":{"line":190,"column":23}},{"start":{"line":190,"column":23},"end":{"line":190,"column":56}}],"line":190},"39":{"loc":{"start":{"line":192,"column":4},"end":{"line":194,"column":null}},"type":"if","locations":[{"start":{"line":192,"column":4},"end":{"line":194,"column":null}},{"start":{},"end":{}}],"line":192},"40":{"loc":{"start":{"line":198,"column":2},"end":{"line":203,"column":null}},"type":"if","locations":[{"start":{"line":198,"column":2},"end":{"line":203,"column":null}},{"start":{},"end":{}}],"line":198},"41":{"loc":{"start":{"line":198,"column":6},"end":{"line":198,"column":68}},"type":"binary-expr","locations":[{"start":{"line":198,"column":6},"end":{"line":198,"column":29}},{"start":{"line":198,"column":29},"end":{"line":198,"column":68}}],"line":198},"42":{"loc":{"start":{"line":200,"column":4},"end":{"line":202,"column":null}},"type":"if","locations":[{"start":{"line":200,"column":4},"end":{"line":202,"column":null}},{"start":{},"end":{}}],"line":200},"43":{"loc":{"start":{"line":206,"column":2},"end":{"line":211,"column":null}},"type":"if","locations":[{"start":{"line":206,"column":2},"end":{"line":211,"column":null}},{"start":{},"end":{}}],"line":206},"44":{"loc":{"start":{"line":208,"column":4},"end":{"line":210,"column":null}},"type":"if","locations":[{"start":{"line":208,"column":4},"end":{"line":210,"column":null}},{"start":{},"end":{}}],"line":208},"45":{"loc":{"start":{"line":213,"column":2},"end":{"line":219,"column":null}},"type":"if","locations":[{"start":{"line":213,"column":2},"end":{"line":219,"column":null}},{"start":{},"end":{}}],"line":213},"46":{"loc":{"start":{"line":231,"column":2},"end":{"line":233,"column":null}},"type":"if","locations":[{"start":{"line":231,"column":2},"end":{"line":233,"column":null}},{"start":{},"end":{}}],"line":231},"47":{"loc":{"start":{"line":237,"column":2},"end":{"line":239,"column":null}},"type":"if","locations":[{"start":{"line":237,"column":2},"end":{"line":239,"column":null}},{"start":{},"end":{}}],"line":237},"48":{"loc":{"start":{"line":241,"column":2},"end":{"line":251,"column":null}},"type":"if","locations":[{"start":{"line":241,"column":2},"end":{"line":251,"column":null}},{"start":{},"end":{}}],"line":241},"49":{"loc":{"start":{"line":244,"column":4},"end":{"line":246,"column":null}},"type":"if","locations":[{"start":{"line":244,"column":4},"end":{"line":246,"column":null}},{"start":{},"end":{}}],"line":244},"50":{"loc":{"start":{"line":248,"column":4},"end":{"line":250,"column":null}},"type":"if","locations":[{"start":{"line":248,"column":4},"end":{"line":250,"column":null}},{"start":{},"end":{}}],"line":248},"51":{"loc":{"start":{"line":263,"column":2},"end":{"line":265,"column":null}},"type":"if","locations":[{"start":{"line":263,"column":2},"end":{"line":265,"column":null}},{"start":{},"end":{}}],"line":263},"52":{"loc":{"start":{"line":269,"column":2},"end":{"line":271,"column":null}},"type":"if","locations":[{"start":{"line":269,"column":2},"end":{"line":271,"column":null}},{"start":{},"end":{}}],"line":269},"53":{"loc":{"start":{"line":273,"column":2},"end":{"line":283,"column":null}},"type":"if","locations":[{"start":{"line":273,"column":2},"end":{"line":283,"column":null}},{"start":{},"end":{}}],"line":273},"54":{"loc":{"start":{"line":276,"column":4},"end":{"line":278,"column":null}},"type":"if","locations":[{"start":{"line":276,"column":4},"end":{"line":278,"column":null}},{"start":{},"end":{}}],"line":276},"55":{"loc":{"start":{"line":280,"column":4},"end":{"line":282,"column":null}},"type":"if","locations":[{"start":{"line":280,"column":4},"end":{"line":282,"column":null}},{"start":{},"end":{}}],"line":280},"56":{"loc":{"start":{"line":292,"column":2},"end":{"line":294,"column":null}},"type":"if","locations":[{"start":{"line":292,"column":2},"end":{"line":294,"column":null}},{"start":{},"end":{}}],"line":292},"57":{"loc":{"start":{"line":298,"column":2},"end":{"line":300,"column":null}},"type":"if","locations":[{"start":{"line":298,"column":2},"end":{"line":300,"column":null}},{"start":{},"end":{}}],"line":298},"58":{"loc":{"start":{"line":304,"column":2},"end":{"line":306,"column":null}},"type":"if","locations":[{"start":{"line":304,"column":2},"end":{"line":306,"column":null}},{"start":{},"end":{}}],"line":304},"59":{"loc":{"start":{"line":320,"column":2},"end":{"line":320,"column":null}},"type":"if","locations":[{"start":{"line":320,"column":2},"end":{"line":320,"column":null}},{"start":{},"end":{}}],"line":320},"60":{"loc":{"start":{"line":321,"column":2},"end":{"line":323,"column":null}},"type":"if","locations":[{"start":{"line":321,"column":2},"end":{"line":323,"column":null}},{"start":{},"end":{}}],"line":321},"61":{"loc":{"start":{"line":336,"column":2},"end":{"line":336,"column":null}},"type":"if","locations":[{"start":{"line":336,"column":2},"end":{"line":336,"column":null}},{"start":{},"end":{}}],"line":336},"62":{"loc":{"start":{"line":337,"column":2},"end":{"line":339,"column":null}},"type":"if","locations":[{"start":{"line":337,"column":2},"end":{"line":339,"column":null}},{"start":{},"end":{}}],"line":337},"63":{"loc":{"start":{"line":351,"column":2},"end":{"line":357,"column":null}},"type":"if","locations":[{"start":{"line":351,"column":2},"end":{"line":357,"column":null}},{"start":{},"end":{}}],"line":351},"64":{"loc":{"start":{"line":363,"column":2},"end":{"line":393,"column":null}},"type":"if","locations":[{"start":{"line":363,"column":2},"end":{"line":393,"column":null}},{"start":{"line":369,"column":2},"end":{"line":393,"column":null}}],"line":363},"65":{"loc":{"start":{"line":369,"column":2},"end":{"line":393,"column":null}},"type":"if","locations":[{"start":{"line":369,"column":2},"end":{"line":393,"column":null}},{"start":{"line":375,"column":2},"end":{"line":393,"column":null}}],"line":369},"66":{"loc":{"start":{"line":375,"column":2},"end":{"line":393,"column":null}},"type":"if","locations":[{"start":{"line":375,"column":2},"end":{"line":393,"column":null}},{"start":{"line":381,"column":2},"end":{"line":393,"column":null}}],"line":375},"67":{"loc":{"start":{"line":381,"column":2},"end":{"line":393,"column":null}},"type":"if","locations":[{"start":{"line":381,"column":2},"end":{"line":393,"column":null}},{"start":{"line":387,"column":9},"end":{"line":393,"column":null}}],"line":381},"68":{"loc":{"start":{"line":401,"column":2},"end":{"line":406,"column":null}},"type":"if","locations":[{"start":{"line":401,"column":2},"end":{"line":406,"column":null}},{"start":{},"end":{}}],"line":401}},"s":{"0":1,"1":25,"2":3,"3":22,"4":44,"5":22,"6":22,"7":22,"8":6,"9":16,"10":16,"11":16,"12":2,"13":14,"14":14,"15":31,"16":31,"17":32,"18":32,"19":18,"20":18,"21":18,"22":14,"23":9,"24":9,"25":9,"26":5,"27":5,"28":1,"29":1,"30":1,"31":4,"32":31,"33":3,"34":11,"35":18,"36":18,"37":2,"38":16,"39":1,"40":16,"41":1,"42":18,"43":2,"44":2,"45":1,"46":18,"47":3,"48":3,"49":1,"50":18,"51":2,"52":2,"53":1,"54":18,"55":3,"56":2,"57":18,"58":1,"59":1,"60":18,"61":10,"62":8,"63":15,"64":15,"65":2,"66":13,"67":1,"68":15,"69":1,"70":14,"71":14,"72":1,"73":15,"74":3,"75":3,"76":1,"77":15,"78":3,"79":3,"80":1,"81":15,"82":3,"83":3,"84":1,"85":15,"86":3,"87":3,"88":1,"89":15,"90":9,"91":6,"92":7,"93":0,"94":7,"95":7,"96":1,"97":6,"98":4,"99":4,"100":1,"101":3,"102":2,"103":3,"104":6,"105":0,"106":6,"107":6,"108":1,"109":5,"110":3,"111":3,"112":1,"113":2,"114":1,"115":3,"116":4,"117":0,"118":4,"119":4,"120":1,"121":3,"122":3,"123":1,"124":2,"125":0,"126":0,"127":0,"128":0,"129":0,"130":0,"131":0,"132":0,"133":0,"134":0,"135":0,"136":0,"137":8,"138":1,"139":7,"140":7,"141":7,"142":7,"143":1,"144":6,"145":2,"146":4,"147":2,"148":2,"149":1,"150":1,"151":21,"152":21,"153":2,"154":19},"f":{"0":25,"1":44,"2":18,"3":15,"4":7,"5":6,"6":4,"7":0,"8":0,"9":8,"10":21},"b":{"0":[3,22],"1":[25,23],"2":[6,16],"3":[2,14],"4":[18,14],"5":[9,5],"6":[1,4],"7":[5,4],"8":[3,28],"9":[2,16],"10":[18,17],"11":[1,15],"12":[1,15],"13":[2,16],"14":[18,2],"15":[1,1],"16":[3,15],"17":[18,3],"18":[1,2],"19":[2,16],"20":[1,1],"21":[3,15],"22":[18,3],"23":[2,1],"24":[3,2],"25":[1,17],"26":[18,1],"27":[1,0],"28":[10,8],"29":[2,13],"30":[15,14],"31":[1,12],"32":[1,14],"33":[1,13],"34":[3,12],"35":[15,3],"36":[1,2],"37":[3,12],"38":[15,3],"39":[1,2],"40":[3,12],"41":[15,3],"42":[1,2],"43":[3,12],"44":[1,2],"45":[9,6],"46":[0,7],"47":[1,6],"48":[4,2],"49":[1,3],"50":[2,1],"51":[0,6],"52":[1,5],"53":[3,2],"54":[1,2],"55":[1,1],"56":[0,4],"57":[1,3],"58":[1,2],"59":[0,0],"60":[0,0],"61":[0,0],"62":[0,0],"63":[1,7],"64":[1,6],"65":[2,4],"66":[2,2],"67":[1,1],"68":[2,19]},"meta":{"lastBranch":69,"lastFunction":11,"lastStatement":155,"seen":{"s:7:50:17:Infinity":0,"f:23:16:23:43":0,"b:24:2:24:Infinity:undefined:undefined:undefined:undefined":0,"s:24:2:24:Infinity":1,"b:24:6:24:19:24:19:24:37":1,"s:24:37:24:Infinity":2,"s:26:20:26:Infinity":3,"f:26:20:26:21":1,"s:26:37:26:Infinity":4,"s:27:25:27:Infinity":5,"s:28:25:28:Infinity":6,"b:31:2:31:Infinity:undefined:undefined:undefined:undefined":2,"s:31:2:31:Infinity":7,"s:31:41:31:Infinity":8,"s:34:20:34:Infinity":9,"s:35:20:35:Infinity":10,"b:38:2:38:Infinity:undefined:undefined:undefined:undefined":3,"s:38:2:38:Infinity":11,"s:38:43:38:Infinity":12,"s:41:18:41:Infinity":13,"s:42:2:75:Infinity":14,"s:43:18:43:Infinity":15,"s:46:4:72:Infinity":16,"s:47:23:47:Infinity":17,"b:50:6:54:Infinity:undefined:undefined:undefined:undefined":4,"s:50:6:54:Infinity":18,"s:51:8:51:Infinity":19,"s:52:8:52:Infinity":20,"s:53:8:53:Infinity":21,"b:57:6:61:Infinity:undefined:undefined:undefined:undefined":5,"s:57:6:61:Infinity":22,"s:58:8:58:Infinity":23,"s:59:8:59:Infinity":24,"s:60:8:60:Infinity":25,"s:64:20:64:Infinity":26,"b:65:6:69:Infinity:undefined:undefined:undefined:undefined":6,"s:65:6:69:Infinity":27,"b:65:10:65:19:65:19:65:45":7,"s:66:8:66:Infinity":28,"s:67:8:67:Infinity":29,"s:68:8:68:Infinity":30,"s:71:6:71:Infinity":31,"b:74:4:74:Infinity:undefined:undefined:undefined:undefined":8,"s:74:4:74:Infinity":32,"s:74:18:74:Infinity":33,"s:77:2:77:Infinity":34,"f:83:16:83:38":2,"s:88:27:88:Infinity":35,"b:91:2:101:Infinity:93:9:101:Infinity":9,"s:91:2:101:Infinity":36,"b:91:6:91:30:91:30:91:71":10,"s:92:4:92:Infinity":37,"b:95:4:97:Infinity:undefined:undefined:undefined:undefined":11,"s:95:4:97:Infinity":38,"s:96:6:96:Infinity":39,"b:98:4:100:Infinity:undefined:undefined:undefined:undefined":12,"s:98:4:100:Infinity":40,"s:99:6:99:Infinity":41,"b:104:2:109:Infinity:undefined:undefined:undefined:undefined":13,"s:104:2:109:Infinity":42,"b:104:6:104:23:104:23:104:56":14,"s:105:23:105:Infinity":43,"b:106:4:108:Infinity:undefined:undefined:undefined:undefined":15,"s:106:4:108:Infinity":44,"s:107:6:107:Infinity":45,"b:112:2:119:Infinity:undefined:undefined:undefined:undefined":16,"s:112:2:119:Infinity":46,"b:112:6:112:23:112:23:112:56":17,"s:114:23:114:Infinity":47,"b:116:4:118:Infinity:undefined:undefined:undefined:undefined":18,"s:116:4:118:Infinity":48,"s:117:6:117:Infinity":49,"b:122:2:127:Infinity:undefined:undefined:undefined:undefined":19,"s:122:2:127:Infinity":50,"s:123:23:123:Infinity":51,"b:124:4:126:Infinity:undefined:undefined:undefined:undefined":20,"s:124:4:126:Infinity":52,"s:125:6:125:Infinity":53,"b:130:2:134:Infinity:undefined:undefined:undefined:undefined":21,"s:130:2:134:Infinity":54,"b:130:6:130:38:130:38:130:63":22,"b:131:4:133:Infinity:undefined:undefined:undefined:undefined":23,"s:131:4:133:Infinity":55,"b:131:8:131:30:131:30:131:50":24,"s:132:6:132:Infinity":56,"b:137:2:141:Infinity:undefined:undefined:undefined:undefined":25,"s:137:2:141:Infinity":57,"b:137:6:137:49:137:49:137:85":26,"b:138:4:140:Infinity:undefined:undefined:undefined:undefined":27,"s:138:4:140:Infinity":58,"s:139:6:139:Infinity":59,"b:143:2:149:Infinity:undefined:undefined:undefined:undefined":28,"s:143:2:149:Infinity":60,"s:144:4:148:Infinity":61,"s:151:2:151:Infinity":62,"f:157:16:157:32":3,"s:162:27:162:Infinity":63,"b:165:2:169:Infinity:167:2:169:Infinity":29,"s:165:2:169:Infinity":64,"b:165:6:165:23:165:23:165:57":30,"s:166:4:166:Infinity":65,"b:167:2:169:Infinity:undefined:undefined:undefined:undefined":31,"s:167:2:169:Infinity":66,"s:168:4:168:Infinity":67,"b:172:2:179:Infinity:174:9:179:Infinity":32,"s:172:2:179:Infinity":68,"s:173:4:173:Infinity":69,"s:175:27:175:Infinity":70,"b:176:4:178:Infinity:undefined:undefined:undefined:undefined":33,"s:176:4:178:Infinity":71,"s:177:6:177:Infinity":72,"b:182:2:187:Infinity:undefined:undefined:undefined:undefined":34,"s:182:2:187:Infinity":73,"b:182:6:182:23:182:23:182:56":35,"s:183:23:183:Infinity":74,"b:184:4:186:Infinity:undefined:undefined:undefined:undefined":36,"s:184:4:186:Infinity":75,"s:185:6:185:Infinity":76,"b:190:2:195:Infinity:undefined:undefined:undefined:undefined":37,"s:190:2:195:Infinity":77,"b:190:6:190:23:190:23:190:56":38,"s:191:23:191:Infinity":78,"b:192:4:194:Infinity:undefined:undefined:undefined:undefined":39,"s:192:4:194:Infinity":79,"s:193:6:193:Infinity":80,"b:198:2:203:Infinity:undefined:undefined:undefined:undefined":40,"s:198:2:203:Infinity":81,"b:198:6:198:29:198:29:198:68":41,"s:199:23:199:Infinity":82,"b:200:4:202:Infinity:undefined:undefined:undefined:undefined":42,"s:200:4:202:Infinity":83,"s:201:6:201:Infinity":84,"b:206:2:211:Infinity:undefined:undefined:undefined:undefined":43,"s:206:2:211:Infinity":85,"s:207:25:207:Infinity":86,"b:208:4:210:Infinity:undefined:undefined:undefined:undefined":44,"s:208:4:210:Infinity":87,"s:209:6:209:Infinity":88,"b:213:2:219:Infinity:undefined:undefined:undefined:undefined":45,"s:213:2:219:Infinity":89,"s:214:4:218:Infinity":90,"s:221:2:221:Infinity":91,"f:227:16:227:39":4,"b:231:2:233:Infinity:undefined:undefined:undefined:undefined":46,"s:231:2:233:Infinity":92,"s:232:4:232:Infinity":93,"s:235:20:235:Infinity":94,"b:237:2:239:Infinity:undefined:undefined:undefined:undefined":47,"s:237:2:239:Infinity":95,"s:238:4:238:Infinity":96,"b:241:2:251:Infinity:undefined:undefined:undefined:undefined":48,"s:241:2:251:Infinity":97,"s:242:20:242:Infinity":98,"b:244:4:246:Infinity:undefined:undefined:undefined:undefined":49,"s:244:4:246:Infinity":99,"s:245:6:245:Infinity":100,"b:248:4:250:Infinity:undefined:undefined:undefined:undefined":50,"s:248:4:250:Infinity":101,"s:249:6:249:Infinity":102,"s:253:2:253:Infinity":103,"f:259:16:259:37":5,"b:263:2:265:Infinity:undefined:undefined:undefined:undefined":51,"s:263:2:265:Infinity":104,"s:264:4:264:Infinity":105,"s:267:25:267:Infinity":106,"b:269:2:271:Infinity:undefined:undefined:undefined:undefined":52,"s:269:2:271:Infinity":107,"s:270:4:270:Infinity":108,"b:273:2:283:Infinity:undefined:undefined:undefined:undefined":53,"s:273:2:283:Infinity":109,"s:274:27:274:Infinity":110,"b:276:4:278:Infinity:undefined:undefined:undefined:undefined":54,"s:276:4:278:Infinity":111,"s:277:6:277:Infinity":112,"b:280:4:282:Infinity:undefined:undefined:undefined:undefined":55,"s:280:4:282:Infinity":113,"s:281:6:281:Infinity":114,"s:285:2:285:Infinity":115,"f:291:16:291:40":6,"b:292:2:294:Infinity:undefined:undefined:undefined:undefined":56,"s:292:2:294:Infinity":116,"s:293:4:293:Infinity":117,"s:296:15:296:Infinity":118,"b:298:2:300:Infinity:undefined:undefined:undefined:undefined":57,"s:298:2:300:Infinity":119,"s:299:4:299:Infinity":120,"s:303:14:303:Infinity":121,"b:304:2:306:Infinity:undefined:undefined:undefined:undefined":58,"s:304:2:306:Infinity":122,"s:305:4:305:Infinity":123,"s:308:2:308:Infinity":124,"f:314:22:314:Infinity":7,"s:319:14:319:Infinity":125,"b:320:2:320:Infinity:undefined:undefined:undefined:undefined":59,"s:320:2:320:Infinity":126,"s:320:12:320:Infinity":127,"b:321:2:323:Infinity:undefined:undefined:undefined:undefined":60,"s:321:2:323:Infinity":128,"s:322:4:322:Infinity":129,"s:324:2:324:Infinity":130,"f:330:22:330:Infinity":8,"s:335:14:335:Infinity":131,"b:336:2:336:Infinity:undefined:undefined:undefined:undefined":61,"s:336:2:336:Infinity":132,"s:336:12:336:Infinity":133,"b:337:2:339:Infinity:undefined:undefined:undefined:undefined":62,"s:337:2:339:Infinity":134,"s:338:4:338:Infinity":135,"s:340:2:340:Infinity":136,"f:346:16:346:46":9,"b:351:2:357:Infinity:undefined:undefined:undefined:undefined":63,"s:351:2:357:Infinity":137,"s:352:4:356:Infinity":138,"s:359:14:359:Infinity":139,"s:360:18:360:Infinity":140,"s:361:30:361:Infinity":141,"b:363:2:393:Infinity:369:2:393:Infinity":64,"s:363:2:393:Infinity":142,"s:364:4:368:Infinity":143,"b:369:2:393:Infinity:375:2:393:Infinity":65,"s:369:2:393:Infinity":144,"s:370:4:374:Infinity":145,"b:375:2:393:Infinity:381:2:393:Infinity":66,"s:375:2:393:Infinity":146,"s:376:4:380:Infinity":147,"b:381:2:393:Infinity:387:9:393:Infinity":67,"s:381:2:393:Infinity":148,"s:382:4:386:Infinity":149,"s:388:4:392:Infinity":150,"f:399:16:399:36":10,"s:400:21:400:Infinity":151,"b:401:2:406:Infinity:undefined:undefined:undefined:undefined":68,"s:401:2:406:Infinity":152,"s:402:4:405:Infinity":153,"s:407:2:407:Infinity":154}}}
,"/workspaces/AuditForecaster/server/calendarEventParser.ts": {"path":"/workspaces/AuditForecaster/server/calendarEventParser.ts","statementMap":{"0":{"start":{"line":24,"column":33},"end":{"line":32,"column":null}},"1":{"start":{"line":35,"column":25},"end":{"line":40,"column":null}},"2":{"start":{"line":45,"column":29},"end":{"line":45,"column":null}},"3":{"start":{"line":50,"column":25},"end":{"line":50,"column":null}},"4":{"start":{"line":56,"column":2},"end":{"line":64,"column":null}},"5":{"start":{"line":71,"column":2},"end":{"line":73,"column":null}},"6":{"start":{"line":72,"column":4},"end":{"line":72,"column":null}},"7":{"start":{"line":74,"column":2},"end":{"line":76,"column":null}},"8":{"start":{"line":99,"column":2},"end":{"line":102,"column":null}},"9":{"start":{"line":100,"column":4},"end":{"line":100,"column":null}},"10":{"start":{"line":101,"column":4},"end":{"line":101,"column":null}},"11":{"start":{"line":105,"column":2},"end":{"line":108,"column":null}},"12":{"start":{"line":106,"column":4},"end":{"line":106,"column":null}},"13":{"start":{"line":107,"column":4},"end":{"line":107,"column":null}},"14":{"start":{"line":111,"column":2},"end":{"line":117,"column":null}},"15":{"start":{"line":112,"column":4},"end":{"line":115,"column":null}},"16":{"start":{"line":116,"column":4},"end":{"line":116,"column":null}},"17":{"start":{"line":120,"column":23},"end":{"line":120,"column":null}},"18":{"start":{"line":121,"column":2},"end":{"line":124,"column":null}},"19":{"start":{"line":122,"column":4},"end":{"line":122,"column":null}},"20":{"start":{"line":123,"column":4},"end":{"line":123,"column":null}},"21":{"start":{"line":127,"column":2},"end":{"line":134,"column":null}},"22":{"start":{"line":128,"column":4},"end":{"line":132,"column":null}},"23":{"start":{"line":133,"column":4},"end":{"line":133,"column":null}},"24":{"start":{"line":136,"column":30},"end":{"line":136,"column":null}},"25":{"start":{"line":138,"column":2},"end":{"line":346,"column":null}},"26":{"start":{"line":141,"column":4},"end":{"line":149,"column":null}},"27":{"start":{"line":142,"column":6},"end":{"line":142,"column":null}},"28":{"start":{"line":144,"column":6},"end":{"line":147,"column":null}},"29":{"start":{"line":148,"column":6},"end":{"line":148,"column":null}},"30":{"start":{"line":152,"column":28},"end":{"line":152,"column":null}},"31":{"start":{"line":153,"column":4},"end":{"line":158,"column":null}},"32":{"start":{"line":154,"column":6},"end":{"line":156,"column":null}},"33":{"start":{"line":157,"column":6},"end":{"line":157,"column":null}},"34":{"start":{"line":161,"column":28},"end":{"line":161,"column":null}},"35":{"start":{"line":162,"column":4},"end":{"line":165,"column":null}},"36":{"start":{"line":163,"column":6},"end":{"line":163,"column":null}},"37":{"start":{"line":164,"column":6},"end":{"line":164,"column":null}},"38":{"start":{"line":167,"column":34},"end":{"line":167,"column":null}},"39":{"start":{"line":168,"column":4},"end":{"line":168,"column":null}},"40":{"start":{"line":172,"column":4},"end":{"line":198,"column":null}},"41":{"start":{"line":173,"column":6},"end":{"line":173,"column":null}},"42":{"start":{"line":176,"column":6},"end":{"line":182,"column":null}},"43":{"start":{"line":177,"column":8},"end":{"line":180,"column":null}},"44":{"start":{"line":181,"column":8},"end":{"line":181,"column":null}},"45":{"start":{"line":185,"column":6},"end":{"line":190,"column":null}},"46":{"start":{"line":186,"column":8},"end":{"line":188,"column":null}},"47":{"start":{"line":189,"column":8},"end":{"line":189,"column":null}},"48":{"start":{"line":192,"column":6},"end":{"line":196,"column":null}},"49":{"start":{"line":197,"column":6},"end":{"line":197,"column":null}},"50":{"start":{"line":200,"column":23},"end":{"line":212,"column":null}},"51":{"start":{"line":203,"column":8},"end":{"line":209,"column":null}},"52":{"start":{"line":204,"column":10},"end":{"line":207,"column":null}},"53":{"start":{"line":208,"column":10},"end":{"line":208,"column":null}},"54":{"start":{"line":210,"column":8},"end":{"line":210,"column":null}},"55":{"start":{"line":215,"column":4},"end":{"line":238,"column":null}},"56":{"start":{"line":216,"column":6},"end":{"line":237,"column":null}},"57":{"start":{"line":218,"column":8},"end":{"line":220,"column":null}},"58":{"start":{"line":219,"column":10},"end":{"line":219,"column":null}},"59":{"start":{"line":222,"column":8},"end":{"line":236,"column":null}},"60":{"start":{"line":223,"column":28},"end":{"line":223,"column":null}},"61":{"start":{"line":224,"column":10},"end":{"line":227,"column":null}},"62":{"start":{"line":230,"column":10},"end":{"line":234,"column":null}},"63":{"start":{"line":235,"column":10},"end":{"line":235,"column":null}},"64":{"start":{"line":240,"column":4},"end":{"line":287,"column":null}},"65":{"start":{"line":241,"column":6},"end":{"line":241,"column":null}},"66":{"start":{"line":244,"column":6},"end":{"line":273,"column":null}},"67":{"start":{"line":245,"column":24},"end":{"line":245,"column":null}},"68":{"start":{"line":248,"column":8},"end":{"line":264,"column":null}},"69":{"start":{"line":249,"column":10},"end":{"line":252,"column":null}},"70":{"start":{"line":255,"column":10},"end":{"line":263,"column":null}},"71":{"start":{"line":256,"column":12},"end":{"line":260,"column":null}},"72":{"start":{"line":262,"column":12},"end":{"line":262,"column":null}},"73":{"start":{"line":266,"column":8},"end":{"line":271,"column":null}},"74":{"start":{"line":276,"column":6},"end":{"line":284,"column":null}},"75":{"start":{"line":277,"column":29},"end":{"line":277,"column":null}},"76":{"start":{"line":278,"column":8},"end":{"line":278,"column":null}},"77":{"start":{"line":280,"column":8},"end":{"line":283,"column":null}},"78":{"start":{"line":286,"column":6},"end":{"line":286,"column":null}},"79":{"start":{"line":290,"column":4},"end":{"line":309,"column":null}},"80":{"start":{"line":291,"column":29},"end":{"line":291,"column":null}},"81":{"start":{"line":293,"column":6},"end":{"line":303,"column":null}},"82":{"start":{"line":294,"column":8},"end":{"line":301,"column":null}},"83":{"start":{"line":295,"column":10},"end":{"line":300,"column":null}},"84":{"start":{"line":296,"column":12},"end":{"line":296,"column":null}},"85":{"start":{"line":297,"column":12},"end":{"line":297,"column":null}},"86":{"start":{"line":298,"column":12},"end":{"line":298,"column":null}},"87":{"start":{"line":299,"column":12},"end":{"line":299,"column":null}},"88":{"start":{"line":302,"column":8},"end":{"line":302,"column":null}},"89":{"start":{"line":302,"column":35},"end":{"line":302,"column":null}},"90":{"start":{"line":305,"column":6},"end":{"line":308,"column":null}},"91":{"start":{"line":312,"column":4},"end":{"line":328,"column":null}},"92":{"start":{"line":313,"column":6},"end":{"line":322,"column":null}},"93":{"start":{"line":315,"column":8},"end":{"line":315,"column":null}},"94":{"start":{"line":316,"column":6},"end":{"line":322,"column":null}},"95":{"start":{"line":318,"column":8},"end":{"line":318,"column":null}},"96":{"start":{"line":321,"column":8},"end":{"line":321,"column":null}},"97":{"start":{"line":324,"column":6},"end":{"line":327,"column":null}},"98":{"start":{"line":330,"column":4},"end":{"line":335,"column":null}},"99":{"start":{"line":337,"column":4},"end":{"line":337,"column":null}},"100":{"start":{"line":340,"column":4},"end":{"line":344,"column":null}},"101":{"start":{"line":345,"column":4},"end":{"line":345,"column":null}},"102":{"start":{"line":354,"column":29},"end":{"line":354,"column":null}},"103":{"start":{"line":356,"column":2},"end":{"line":358,"column":null}},"104":{"start":{"line":356,"column":15},"end":{"line":356,"column":18}},"105":{"start":{"line":357,"column":4},"end":{"line":357,"column":null}},"106":{"start":{"line":360,"column":2},"end":{"line":362,"column":null}},"107":{"start":{"line":360,"column":15},"end":{"line":360,"column":18}},"108":{"start":{"line":361,"column":4},"end":{"line":361,"column":null}},"109":{"start":{"line":364,"column":2},"end":{"line":376,"column":null}},"110":{"start":{"line":364,"column":15},"end":{"line":364,"column":18}},"111":{"start":{"line":365,"column":4},"end":{"line":375,"column":null}},"112":{"start":{"line":365,"column":17},"end":{"line":365,"column":20}},"113":{"start":{"line":366,"column":6},"end":{"line":374,"column":null}},"114":{"start":{"line":367,"column":8},"end":{"line":367,"column":null}},"115":{"start":{"line":369,"column":8},"end":{"line":373,"column":null}},"116":{"start":{"line":378,"column":2},"end":{"line":378,"column":null}},"117":{"start":{"line":389,"column":2},"end":{"line":392,"column":null}},"118":{"start":{"line":390,"column":4},"end":{"line":390,"column":null}},"119":{"start":{"line":391,"column":4},"end":{"line":391,"column":null}},"120":{"start":{"line":395,"column":2},"end":{"line":401,"column":null}},"121":{"start":{"line":396,"column":4},"end":{"line":399,"column":null}},"122":{"start":{"line":400,"column":4},"end":{"line":400,"column":null}},"123":{"start":{"line":403,"column":2},"end":{"line":406,"column":null}},"124":{"start":{"line":404,"column":4},"end":{"line":404,"column":null}},"125":{"start":{"line":405,"column":4},"end":{"line":405,"column":null}},"126":{"start":{"line":408,"column":33},"end":{"line":408,"column":null}},"127":{"start":{"line":410,"column":2},"end":{"line":423,"column":null}},"128":{"start":{"line":410,"column":15},"end":{"line":410,"column":18}},"129":{"start":{"line":411,"column":4},"end":{"line":422,"column":null}},"130":{"start":{"line":412,"column":21},"end":{"line":412,"column":null}},"131":{"start":{"line":413,"column":6},"end":{"line":413,"column":null}},"132":{"start":{"line":415,"column":6},"end":{"line":419,"column":null}},"133":{"start":{"line":421,"column":6},"end":{"line":421,"column":null}},"134":{"start":{"line":425,"column":2},"end":{"line":425,"column":null}}},"fnMap":{"0":{"name":"createEmptyResult","decl":{"start":{"line":55,"column":9},"end":{"line":55,"column":27}},"loc":{"start":{"line":55,"column":55},"end":{"line":65,"column":null}},"line":55},"1":{"name":"truncateTitle","decl":{"start":{"line":70,"column":9},"end":{"line":70,"column":23}},"loc":{"start":{"line":70,"column":46},"end":{"line":77,"column":null}},"line":70},"2":{"name":"parseCalendarEvent","decl":{"start":{"line":94,"column":22},"end":{"line":94,"column":null}},"loc":{"start":{"line":97,"column":24},"end":{"line":347,"column":null}},"line":97},"3":{"name":"(anonymous_3)","decl":{"start":{"line":201,"column":6},"end":{"line":201,"column":7}},"loc":{"start":{"line":201,"column":16},"end":{"line":211,"column":null}},"line":201},"4":{"name":"(anonymous_4)","decl":{"start":{"line":216,"column":40},"end":{"line":216,"column":41}},"loc":{"start":{"line":216,"column":50},"end":{"line":237,"column":7}},"line":216},"5":{"name":"levenshteinDistance","decl":{"start":{"line":353,"column":9},"end":{"line":353,"column":29}},"loc":{"start":{"line":353,"column":59},"end":{"line":379,"column":null}},"line":353},"6":{"name":"parseCalendarEvents","decl":{"start":{"line":384,"column":22},"end":{"line":384,"column":null}},"loc":{"start":{"line":387,"column":26},"end":{"line":426,"column":null}},"line":387}},"branchMap":{"0":{"loc":{"start":{"line":71,"column":2},"end":{"line":73,"column":null}},"type":"if","locations":[{"start":{"line":71,"column":2},"end":{"line":73,"column":null}},{"start":{},"end":{}}],"line":71},"1":{"loc":{"start":{"line":74,"column":9},"end":{"line":76,"column":null}},"type":"cond-expr","locations":[{"start":{"line":75,"column":6},"end":{"line":75,"column":null}},{"start":{"line":76,"column":6},"end":{"line":76,"column":null}}],"line":74},"2":{"loc":{"start":{"line":99,"column":2},"end":{"line":102,"column":null}},"type":"if","locations":[{"start":{"line":99,"column":2},"end":{"line":102,"column":null}},{"start":{},"end":{}}],"line":99},"3":{"loc":{"start":{"line":105,"column":2},"end":{"line":108,"column":null}},"type":"if","locations":[{"start":{"line":105,"column":2},"end":{"line":108,"column":null}},{"start":{},"end":{}}],"line":105},"4":{"loc":{"start":{"line":105,"column":6},"end":{"line":105,"column":45}},"type":"binary-expr","locations":[{"start":{"line":105,"column":6},"end":{"line":105,"column":24}},{"start":{"line":105,"column":24},"end":{"line":105,"column":45}}],"line":105},"5":{"loc":{"start":{"line":111,"column":2},"end":{"line":117,"column":null}},"type":"if","locations":[{"start":{"line":111,"column":2},"end":{"line":117,"column":null}},{"start":{},"end":{}}],"line":111},"6":{"loc":{"start":{"line":121,"column":2},"end":{"line":124,"column":null}},"type":"if","locations":[{"start":{"line":121,"column":2},"end":{"line":124,"column":null}},{"start":{},"end":{}}],"line":121},"7":{"loc":{"start":{"line":127,"column":2},"end":{"line":134,"column":null}},"type":"if","locations":[{"start":{"line":127,"column":2},"end":{"line":134,"column":null}},{"start":{},"end":{}}],"line":127},"8":{"loc":{"start":{"line":153,"column":4},"end":{"line":158,"column":null}},"type":"if","locations":[{"start":{"line":153,"column":4},"end":{"line":158,"column":null}},{"start":{},"end":{}}],"line":153},"9":{"loc":{"start":{"line":162,"column":4},"end":{"line":165,"column":null}},"type":"if","locations":[{"start":{"line":162,"column":4},"end":{"line":165,"column":null}},{"start":{},"end":{}}],"line":162},"10":{"loc":{"start":{"line":176,"column":6},"end":{"line":182,"column":null}},"type":"if","locations":[{"start":{"line":176,"column":6},"end":{"line":182,"column":null}},{"start":{},"end":{}}],"line":176},"11":{"loc":{"start":{"line":185,"column":6},"end":{"line":190,"column":null}},"type":"if","locations":[{"start":{"line":185,"column":6},"end":{"line":190,"column":null}},{"start":{},"end":{}}],"line":185},"12":{"loc":{"start":{"line":185,"column":10},"end":{"line":185,"column":65}},"type":"binary-expr","locations":[{"start":{"line":185,"column":10},"end":{"line":185,"column":36}},{"start":{"line":185,"column":36},"end":{"line":185,"column":65}}],"line":185},"13":{"loc":{"start":{"line":203,"column":8},"end":{"line":209,"column":null}},"type":"if","locations":[{"start":{"line":203,"column":8},"end":{"line":209,"column":null}},{"start":{},"end":{}}],"line":203},"14":{"loc":{"start":{"line":203,"column":12},"end":{"line":203,"column":79}},"type":"binary-expr","locations":[{"start":{"line":203,"column":12},"end":{"line":203,"column":21}},{"start":{"line":203,"column":21},"end":{"line":203,"column":62}},{"start":{"line":203,"column":62},"end":{"line":203,"column":79}}],"line":203},"15":{"loc":{"start":{"line":215,"column":4},"end":{"line":238,"column":null}},"type":"if","locations":[{"start":{"line":215,"column":4},"end":{"line":238,"column":null}},{"start":{},"end":{}}],"line":215},"16":{"loc":{"start":{"line":218,"column":8},"end":{"line":220,"column":null}},"type":"if","locations":[{"start":{"line":218,"column":8},"end":{"line":220,"column":null}},{"start":{},"end":{}}],"line":218},"17":{"loc":{"start":{"line":218,"column":12},"end":{"line":218,"column":79}},"type":"binary-expr","locations":[{"start":{"line":218,"column":12},"end":{"line":218,"column":21}},{"start":{"line":218,"column":21},"end":{"line":218,"column":62}},{"start":{"line":218,"column":62},"end":{"line":218,"column":79}}],"line":218},"18":{"loc":{"start":{"line":225,"column":12},"end":{"line":227,"column":null}},"type":"binary-expr","locations":[{"start":{"line":225,"column":12},"end":{"line":225,"column":null}},{"start":{"line":226,"column":12},"end":{"line":226,"column":null}},{"start":{"line":227,"column":12},"end":{"line":227,"column":null}}],"line":225},"19":{"loc":{"start":{"line":240,"column":4},"end":{"line":287,"column":null}},"type":"if","locations":[{"start":{"line":240,"column":4},"end":{"line":287,"column":null}},{"start":{"line":285,"column":11},"end":{"line":287,"column":null}}],"line":240},"20":{"loc":{"start":{"line":248,"column":8},"end":{"line":264,"column":null}},"type":"if","locations":[{"start":{"line":248,"column":8},"end":{"line":264,"column":null}},{"start":{"line":253,"column":15},"end":{"line":264,"column":null}}],"line":248},"21":{"loc":{"start":{"line":248,"column":12},"end":{"line":248,"column":55}},"type":"binary-expr","locations":[{"start":{"line":248,"column":12},"end":{"line":248,"column":32}},{"start":{"line":248,"column":32},"end":{"line":248,"column":55}}],"line":248},"22":{"loc":{"start":{"line":255,"column":10},"end":{"line":263,"column":null}},"type":"if","locations":[{"start":{"line":255,"column":10},"end":{"line":263,"column":null}},{"start":{"line":261,"column":17},"end":{"line":263,"column":null}}],"line":255},"23":{"loc":{"start":{"line":278,"column":29},"end":{"line":278,"column":null}},"type":"cond-expr","locations":[{"start":{"line":278,"column":44},"end":{"line":278,"column":49}},{"start":{"line":278,"column":49},"end":{"line":278,"column":null}}],"line":278},"24":{"loc":{"start":{"line":295,"column":10},"end":{"line":300,"column":null}},"type":"if","locations":[{"start":{"line":295,"column":10},"end":{"line":300,"column":null}},{"start":{},"end":{}}],"line":295},"25":{"loc":{"start":{"line":302,"column":8},"end":{"line":302,"column":null}},"type":"if","locations":[{"start":{"line":302,"column":8},"end":{"line":302,"column":null}},{"start":{},"end":{}}],"line":302},"26":{"loc":{"start":{"line":313,"column":6},"end":{"line":322,"column":null}},"type":"if","locations":[{"start":{"line":313,"column":6},"end":{"line":322,"column":null}},{"start":{"line":316,"column":6},"end":{"line":322,"column":null}}],"line":313},"27":{"loc":{"start":{"line":313,"column":10},"end":{"line":313,"column":53}},"type":"binary-expr","locations":[{"start":{"line":313,"column":10},"end":{"line":313,"column":30}},{"start":{"line":313,"column":30},"end":{"line":313,"column":53}}],"line":313},"28":{"loc":{"start":{"line":316,"column":6},"end":{"line":322,"column":null}},"type":"if","locations":[{"start":{"line":316,"column":6},"end":{"line":322,"column":null}},{"start":{"line":319,"column":13},"end":{"line":322,"column":null}}],"line":316},"29":{"loc":{"start":{"line":316,"column":17},"end":{"line":316,"column":60}},"type":"binary-expr","locations":[{"start":{"line":316,"column":17},"end":{"line":316,"column":37}},{"start":{"line":316,"column":37},"end":{"line":316,"column":60}}],"line":316},"30":{"loc":{"start":{"line":366,"column":6},"end":{"line":374,"column":null}},"type":"if","locations":[{"start":{"line":366,"column":6},"end":{"line":374,"column":null}},{"start":{"line":368,"column":13},"end":{"line":374,"column":null}}],"line":366},"31":{"loc":{"start":{"line":389,"column":2},"end":{"line":392,"column":null}},"type":"if","locations":[{"start":{"line":389,"column":2},"end":{"line":392,"column":null}},{"start":{},"end":{}}],"line":389},"32":{"loc":{"start":{"line":395,"column":2},"end":{"line":401,"column":null}},"type":"if","locations":[{"start":{"line":395,"column":2},"end":{"line":401,"column":null}},{"start":{},"end":{}}],"line":395},"33":{"loc":{"start":{"line":403,"column":2},"end":{"line":406,"column":null}},"type":"if","locations":[{"start":{"line":403,"column":2},"end":{"line":406,"column":null}},{"start":{},"end":{}}],"line":403},"34":{"loc":{"start":{"line":403,"column":6},"end":{"line":403,"column":47}},"type":"binary-expr","locations":[{"start":{"line":403,"column":6},"end":{"line":403,"column":25}},{"start":{"line":403,"column":25},"end":{"line":403,"column":47}}],"line":403},"35":{"loc":{"start":{"line":418,"column":15},"end":{"line":418,"column":null}},"type":"cond-expr","locations":[{"start":{"line":418,"column":27},"end":{"line":418,"column":54}},{"start":{"line":418,"column":54},"end":{"line":418,"column":null}}],"line":418},"36":{"loc":{"start":{"line":421,"column":37},"end":{"line":421,"column":52}},"type":"binary-expr","locations":[{"start":{"line":421,"column":37},"end":{"line":421,"column":50}},{"start":{"line":421,"column":50},"end":{"line":421,"column":52}}],"line":421}},"s":{"0":1,"1":1,"2":1,"3":1,"4":51,"5":48,"6":0,"7":48,"8":51,"9":1,"10":1,"11":50,"12":2,"13":2,"14":48,"15":0,"16":0,"17":48,"18":48,"19":3,"20":3,"21":45,"22":1,"23":1,"24":44,"25":44,"26":44,"27":44,"28":0,"29":0,"30":44,"31":44,"32":1,"33":1,"34":43,"35":43,"36":1,"37":1,"38":42,"39":42,"40":42,"41":42,"42":41,"43":1,"44":1,"45":40,"46":0,"47":0,"48":1,"49":1,"50":40,"51":40,"52":1,"53":1,"54":39,"55":40,"56":11,"57":9,"58":1,"59":8,"60":8,"61":8,"62":0,"63":0,"64":40,"65":30,"66":30,"67":30,"68":29,"69":1,"70":28,"71":0,"72":28,"73":1,"74":30,"75":30,"76":30,"77":0,"78":10,"79":40,"80":40,"81":40,"82":109,"83":306,"84":31,"85":31,"86":31,"87":31,"88":109,"89":31,"90":0,"91":40,"92":40,"93":24,"94":16,"95":13,"96":3,"97":0,"98":40,"99":40,"100":0,"101":0,"102":7,"103":7,"104":7,"105":43,"106":7,"107":7,"108":21,"109":7,"110":7,"111":36,"112":36,"113":72,"114":2,"115":70,"116":7,"117":0,"118":0,"119":0,"120":0,"121":0,"122":0,"123":0,"124":0,"125":0,"126":0,"127":0,"128":0,"129":0,"130":0,"131":0,"132":0,"133":0,"134":0},"f":{"0":51,"1":48,"2":51,"3":40,"4":9,"5":7,"6":0},"b":{"0":[0,48],"1":[1,47],"2":[1,50],"3":[2,48],"4":[50,49],"5":[0,48],"6":[3,45],"7":[1,44],"8":[1,43],"9":[1,42],"10":[1,40],"11":[0,40],"12":[40,40],"13":[1,39],"14":[40,40,39],"15":[11,29],"16":[1,8],"17":[9,9,8],"18":[8,8,7],"19":[30,10],"20":[1,28],"21":[29,29],"22":[0,28],"23":[29,1],"24":[31,275],"25":[31,78],"26":[24,16],"27":[40,30],"28":[13,3],"29":[16,10],"30":[2,70],"31":[0,0],"32":[0,0],"33":[0,0],"34":[0,0],"35":[0,0],"36":[0,0]},"met
[...]
}}],"line":27},"5":{"loc":{"start":{"line":46,"column":74},"end":{"line":46,"column":108}},"type":"default-arg","locations":[{"start":{"line":46,"column":97},"end":{"line":46,"column":108}}],"line":46},"6":{"loc":{"start":{"line":48,"column":9},"end":{"line":48,"column":null}},"type":"cond-expr","locations":[{"start":{"line":48,"column":23},"end":{"line":48,"column":29}},{"start":{"line":48,"column":29},"end":{"line":48,"column":null}}],"line":48},"7":{"loc":{"start":{"line":64,"column":72},"end":{"line":64,"column":106}},"type":"default-arg","locations":[{"start":{"line":64,"column":95},"end":{"line":64,"column":106}}],"line":64},"8":{"loc":{"start":{"line":66,"column":9},"end":{"line":66,"column":null}},"type":"cond-expr","locations":[{"start":{"line":66,"column":23},"end":{"line":66,"column":29}},{"start":{"line":66,"column":29},"end":{"line":66,"column":null}}],"line":66},"9":{"loc":{"start":{"line":85,"column":2},"end":{"line":85,"column":null}},"type":"default-arg","locations":[{"start":{"line":85,"column":28},"end":{"line":85,"column":null}}],"line":85},"10":{"loc":{"start":{"line":88,"column":2},"end":{"line":90,"column":null}},"type":"if","locations":[{"start":{"line":88,"column":2},"end":{"line":90,"column":null}},{"start":{},"end":{}}],"line":88},"11":{"loc":{"start":{"line":88,"column":6},"end":{"line":88,"column":51}},"type":"binary-expr","locations":[{"start":{"line":88,"column":6},"end":{"line":88,"column":27}},{"start":{"line":88,"column":27},"end":{"line":88,"column":51}}],"line":88},"12":{"loc":{"start":{"line":93,"column":2},"end":{"line":95,"column":null}},"type":"if","locations":[{"start":{"line":93,"column":2},"end":{"line":95,"column":null}},{"start":{},"end":{}}],"line":93},"13":{"loc":{"start":{"line":93,"column":6},"end":{"line":93,"column":48}},"type":"binary-expr","locations":[{"start":{"line":93,"column":6},"end":{"line":93,"column":30}},{"start":{"line":93,"column":30},"end":{"line":93,"column":48}}],"line":93},"14":{"loc":{"start":{"line":100,"column":9},"end":{"line":100,"column":null}},"type":"cond-expr","locations":[{"start":{"line":100,"column":28},"end":{"line":100,"column":37}},{"start":{"line":100,"column":37},"end":{"line":100,"column":null}}],"line":100},"15":{"loc":{"start":{"line":119,"column":2},"end":{"line":119,"column":null}},"type":"default-arg","locations":[{"start":{"line":119,"column":25},"end":{"line":119,"column":null}}],"line":119},"16":{"loc":{"start":{"line":139,"column":2},"end":{"line":139,"column":null}},"type":"default-arg","locations":[{"start":{"line":139,"column":22},"end":{"line":139,"column":null}}],"line":139},"17":{"loc":{"start":{"line":141,"column":2},"end":{"line":143,"column":null}},"type":"if","locations":[{"start":{"line":141,"column":2},"end":{"line":143,"column":null}},{"start":{},"end":{}}],"line":141},"18":{"loc":{"start":{"line":141,"column":6},"end":{"line":141,"column":45}},"type":"binary-expr","locations":[{"start":{"line":141,"column":6},"end":{"line":141,"column":24}},{"start":{"line":141,"column":24},"end":{"line":141,"column":45}}],"line":141},"19":{"loc":{"start":{"line":165,"column":2},"end":{"line":165,"column":null}},"type":"default-arg","locations":[{"start":{"line":165,"column":22},"end":{"line":165,"column":null}}],"line":165},"20":{"loc":{"start":{"line":170,"column":2},"end":{"line":172,"column":null}},"type":"if","locations":[{"start":{"line":170,"column":2},"end":{"line":172,"column":null}},{"start":{},"end":{}}],"line":170}},"s":{"0":11,"1":11,"2":7,"3":7,"4":7,"5":4,"6":2,"7":2,"8":146,"9":146,"10":4,"11":4,"12":41,"13":4,"14":37,"15":1,"16":36,"17":36,"18":11,"19":6,"20":2,"21":4,"22":4,"23":3,"24":3,"25":3,"26":1,"27":2},"f":{"0":11,"1":146,"2":4,"3":41,"4":11,"5":6,"6":3},"b":{"0":[11],"1":[6,5],"2":[7,4],"3":[11,11,7],"4":[2,2],"5":[146],"6":[140,6],"7":[4],"8":[2,2],"9":[41],"10":[4,37],"11":[41,38],"12":[1,36],"13":[37,36],"14":[36,0],"15":[11],"16":[6],"17":[2,4],"18":[6,5],"19":[3],"20":[1,2]},"meta":{"lastBranch":21,"lastFunction":7,"lastStatement":28,"seen":{"f:17:16:17:28":0,"b:17:90:17:101":0,"s:18:14:18:Infinity":0,"b:18:42:18:50:18:50:18:Infinity":1,"b:20:2:25:Infinity:undefined:undefined:undefined:undefined":2,"s:20:2:25:Infinity":1,"b:20:6:20:33:20:33:20:48:20:48:20:63":3,"s:22:19:22:Infinity":2,"s:23:20:23:Infinity":3,"s:24:4:24:Infinity":4,"b:27:2:29:Infinity:undefined:undefined:undefined:undefined":4,"s:27:2:29:Infinity":5,"s:28:4:28:Infinity":6,"s:31:2:31:Infinity":7,"f:46:16:46:31":1,"b:46:97:46:108":5,"s:47:14:47:Infinity":8,"s:48:2:48:Infinity":9,"b:48:23:48:29:48:29:48:Infinity":6,"f:64:16:64:29":2,"b:64:95:64:106":7,"s:65:14:65:Infinity":10,"s:66:2:66:Infinity":11,"b:66:23:66:29:66:29:66:Infinity":8,"f:82:16:82:Infinity":3,"b:85:28:85:Infinity":9,"b:88:2:90:Infinity:undefined:undefined:undefined:undefined":10,"s:88:2:90:Infinity":12,"b:88:6:88:27:88:27:88:51":11,"s:89:4:89:Infinity":13,"b:93:2:95:Infinity:undefined:undefined:undefined:undefined":12,"s:93:2:95:Infinity":14,"b:93:6:93:30:93:30:93:48":13,"s:94:4:94:Infinity":15,"s:97:17:97:Infinity":16,"s:100:2:100:Infinity":17,"b:100:28:100:37:100:37:100:Infinity":14,"f:117:16:117:Infinity":4,"b:119:25:119:Infinity":15,"s:121:2:121:Infinity":18,"f:137:16:137:Infinity":5,"b:139:22:139:Infinity":16,"b:141:2:143:Infinity:undefined:undefined:undefined:undefined":17,"s:141:2:143:Infinity":19,"b:141:6:141:24:141:24:141:45":18,"s:142:4:142:Infinity":20,"s:145:14:145:Infinity":21,"s:146:2:146:Infinity":22,"f:162:16:162:Infinity":6,"b:165:22:165:Infinity":19,"s:167:14:167:Infinity":23,"s:168:16:168:Infinity":24,"b:170:2:172:Infinity:undefined:undefined:undefined:undefined":20,"s:170:2:172:Infinity":25,"s:171:4:171:Infinity":26,"s:174:2:174:Infinity":27}}}
,"/workspaces/AuditForecaster/shared/scoring.ts": {"path":"/workspaces/AuditForecaster/shared/scoring.ts","statementMap":{"0":{"start":{"line":16,"column":21},"end":{"line":16,"column":null}},"1":{"start":{"line":17,"column":22},"end":{"line":17,"column":null}},"2":{"start":{"line":17,"column":40},"end":{"line":17,"column":61}},"3":{"start":{"line":18,"column":22},"end":{"line":18,"column":null}},"4":{"start":{"line":18,"column":40},"end":{"line":18,"column":61}},"5":{"start":{"line":19,"column":29},"end":{"line":19,"column":null}},"6":{"start":{"line":19,"column":47},"end":{"line":19,"column":76}},"7":{"start":{"line":20,"column":23},"end":{"line":20,"column":null}},"8":{"start":{"line":20,"column":41},"end":{"line":20,"column":63}},"9":{"start":{"line":22,"column":26},"end":{"line":22,"column":null}},"10":{"start":{"line":23,"column":25},"end":{"line":23,"column":null}},"11":{"start":{"line":25,"column":19},"end":{"line":25,"column":null}},"12":{"start":{"line":26,"column":19},"end":{"line":26,"column":null}},"13":{"start":{"line":27,"column":25},"end":{"line":27,"column":null}},"14":{"start":{"line":30,"column":2},"end":{"line":34,"column":null}},"15":{"start":{"line":30,"column":22},"end":{"line":30,"column":null}},"16":{"start":{"line":30,"column":30},"end":{"line":34,"column":null}},"17":{"start":{"line":31,"column":27},"end":{"line":31,"column":null}},"18":{"start":{"line":31,"column":35},"end":{"line":34,"column":null}},"19":{"start":{"line":32,"column":27},"end":{"line":32,"column":null}},"20":{"start":{"line":32,"column":35},"end":{"line":34,"column":null}},"21":{"start":{"line":33,"column":27},"end":{"line":33,"column":null}},"22":{"start":{"line":34,"column":7},"end":{"line":34,"column":null}},"23":{"start":{"line":36,"column":2},"end":{"line":46,"column":null}}},"fnMap":{"0":{"name":"calculateScore","decl":{"start":{"line":15,"column":16},"end":{"line":15,"column":31}},"loc":{"start":{"line":15,"column":69},"end":{"line":47,"column":null}},"line":15},"1":{"name":"(anonymous_1)","decl":{"start":{"line":17,"column":35},"end":{"line":17,"column":40}},"loc":{"start":{"line":17,"column":40},"end":{"line":17,"column":61}},"line":17},"2":{"name":"(anonymous_2)","decl":{"start":{"line":18,"column":35},"end":{"line":18,"column":40}},"loc":{"start":{"line":18,"column":40},"end":{"line":18,"column":61}},"line":18},"3":{"name":"(anonymous_3)","decl":{"start":{"line":19,"column":42},"end":{"line":19,"column":47}},"loc":{"start":{"line":19,"column":47},"end":{"line":19,"column":76}},"line":19},"4":{"name":"(anonymous_4)","decl":{"start":{"line":20,"column":36},"end":{"line":20,"column":41}},"loc":{"start":{"line":20,"column":41},"end":{"line":20,"column":63}},"line":20}},"branchMap":{"0":{"loc":{"start":{"line":25,"column":19},"end":{"line":25,"column":null}},"type":"cond-expr","locations":[{"start":{"line":25,"column":42},"end":{"line":25,"column":81}},{"start":{"line":25,"column":81},"end":{"line":25,"column":null}}],"line":25},"1":{"loc":{"start":{"line":26,"column":19},"end":{"line":26,"column":null}},"type":"cond-expr","locations":[{"start":{"line":26,"column":42},"end":{"line":26,"column":81}},{"start":{"line":26,"column":81},"end":{"line":26,"column":null}}],"line":26},"2":{"loc":{"start":{"line":27,"column":25},"end":{"line":27,"column":null}},"type":"cond-expr","locations":[{"start":{"line":27,"column":43},"end":{"line":27,"column":80}},{"start":{"line":27,"column":80},"end":{"line":27,"column":null}}],"line":27},"3":{"loc":{"start":{"line":30,"column":2},"end":{"line":34,"column":null}},"type":"if","locations":[{"start":{"line":30,"column":2},"end":{"line":34,"column":null}},{"start":{"line":30,"column":30},"end":{"line":34,"column":null}}],"line":30},"4":{"loc":{"start":{"line":30,"column":30},"end":{"line":34,"column":null}},"type":"if","locations":[{"start":{"line":30,"column":30},"end":{"line":34,"column":null}},{"start":{"line":31,"column":35},"end":{"line":34,"column":null}}],"line":30},"5":{"loc":{"start":{"line":31,"column":35},"end":{"line":34,"column":null}},"type":"if","locations":[{"start":{"line":31,"column":35},"end":{"line":34,"column":null}},{"start":{"line":32,"column":35},"end":{"line":34,"column":null}}],"line":31},"6":{"loc":{"start":{"line":32,"column":35},"end":{"line":34,"column":null}},"type":"if","locations":[{"start":{"line":32,"column":35},"end":{"line":34,"column":null}},{"start":{"line":34,"column":7},"end":{"line":34,"column":null}}],"line":32}},"s":{"0":18,"1":18,"2":1502,"3":18,"4":1502,"5":18,"6":1502,"7":18,"8":1502,"9":18,"10":18,"11":18,"12":18,"13":18,"14":18,"15":4,"16":14,"17":4,"18":10,"19":2,"20":8,"21":2,"22":6,"23":18},"f":{"0":18,"1":1502,"2":1502,"3":1502,"4":1502},"b":{"0":[16,2],"1":[16,2],"2":[17,1],"3":[4,14],"4":[4,10],"5":[2,8],"6":[2,6]},"meta":{"lastBranch":7,"lastFunction":5,"lastStatement":24,"seen":{"f:15:16:15:31":0,"s:16:21:16:Infinity":0,"s:17:22:17:Infinity":1,"f:17:35:17:40":1,"s:17:40:17:61":2,"s:18:22:18:Infinity":3,"f:18:35:18:40":2,"s:18:40:18:61":4,"s:19:29:19:Infinity":5,"f:19:42:19:47":3,"s:19:47:19:76":6,"s:20:23:20:Infinity":7,"f:20:36:20:41":4,"s:20:41:20:63":8,"s:22:26:22:Infinity":9,"s:23:25:23:Infinity":10,"s:25:19:25:Infinity":11,"b:25:42:25:81:25:81:25:Infinity":0,"s:26:19:26:Infinity":12,"b:26:42:26:81:26:81:26:Infinity":1,"s:27:25:27:Infinity":13,"b:27:43:27:80:27:80:27:Infinity":2,"b:30:2:34:Infinity:30:30:34:Infinity":3,"s:30:2:34:Infinity":14,"s:30:22:30:Infinity":15,"b:30:30:34:Infinity:31:35:34:Infinity":4,"s:30:30:34:Infinity":16,"s:31:27:31:Infinity":17,"b:31:35:34:Infinity:32:35:34:Infinity":5,"s:31:35:34:Infinity":18,"s:32:27:32:Infinity":19,"b:32:35:34:Infinity:34:7:34:Infinity":6,"s:32:35:34:Infinity":20,"s:33:27:33:Infinity":21,"s:34:7:34:Infinity":22,"s:36:2:46:Infinity":23}}}
,"/workspaces/AuditForecaster/shared/workflowTemplates.ts": {"path":"/workspaces/AuditForecaster/shared/workflowTemplates.ts","statementMap":{"0":{"start":{"line":93,"column":46},"end":{"line":160,"column":null}},"1":{"start":{"line":165,"column":52},"end":{"line":271,"column":null}},"2":{"start":{"line":276,"column":53},"end":{"line":326,"column":null}},"3":{"start":{"line":331,"column":53},"end":{"line":398,"column":null}},"4":{"start":{"line":403,"column":55},"end":{"line":462,"column":null}},"5":{"start":{"line":467,"column":54},"end":{"line":526,"column":null}},"6":{"start":{"line":531,"column":54},"end":{"line":596,"column":null}},"7":{"start":{"line":601,"column":48},"end":{"line":652,"column":null}},"8":{"start":{"line":657,"column":48},"end":{"line":702,"column":null}},"9":{"start":{"line":708,"column":2},"end":{"line":732,"column":null}},"10":{"start":{"line":713,"column":43},"end":{"line":720,"column":6}},"11":{"start":{"line":721,"column":59},"end":{"line":727,"column":6}},"12":{"start":{"line":738,"column":69},"end":{"line":759,"column":null}},"13":{"start":{"line":765,"column":2},"end":{"line":765,"column":null}},"14":{"start":{"line":772,"column":19},"end":{"line":772,"column":null}},"15":{"start":{"line":773,"column":2},"end":{"line":773,"column":null}},"16":{"start":{"line":780,"column":19},"end":{"line":780,"column":null}},"17":{"start":{"line":781,"column":2},"end":{"line":781,"column":null}},"18":{"start":{"line":781,"column":45},"end":{"line":781,"column":71}},"19":{"start":{"line":788,"column":19},"end":{"line":788,"column":null}},"20":{"start":{"line":789,"column":2},"end":{"line":789,"column":null}},"21":{"start":{"line":800,"column":19},"end":{"line":800,"column":null}},"22":{"start":{"line":803,"column":2},"end":{"line":823,"column":null}},"23":{"start":{"line":805,"column":4},"end":{"line":811,"column":null}},"24":{"start":{"line":808,"column":6},"end":{"line":810,"column":null}},"25":{"start":{"line":809,"column":8},"end":{"line":809,"column":null}},"26":{"start":{"line":814,"column":4},"end":{"line":822,"column":null}},"27":{"start":{"line":815,"column":23},"end":{"line":817,"column":null}},"28":{"start":{"line":819,"column":6},"end":{"line":821,"column":null}},"29":{"start":{"line":820,"column":8},"end":{"line":820,"column":null}},"30":{"start":{"line":826,"column":2},"end":{"line":826,"column":null}}},"fnMap":{"0":{"name":"adaptHERSWorkflow","decl":{"start":{"line":707,"column":9},"end":{"line":707,"column":27}},"loc":{"start":{"line":707,"column":81},"end":{"line":733,"column":null}},"line":707},"1":{"name":"(anonymous_1)","decl":{"start":{"line":713,"column":34},"end":{"line":713,"column":43}},"loc":{"start":{"line":713,"column":43},"end":{"line":720,"column":6}},"line":713},"2":{"name":"(anonymous_2)","decl":{"start":{"line":721,"column":50},"end":{"line":721,"column":59}},"loc":{"start":{"line":721,"column":59},"end":{"line":727,"column":6}},"line":721},"3":{"name":"getWorkflowTemplate","decl":{"start":{"line":764,"column":16},"end":{"line":764,"column":36}},"loc":{"start":{"line":764,"column":72},"end":{"line":766,"column":null}},"line":764},"4":{"name":"getChecklistForJobType","decl":{"start":{"line":771,"column":16},"end":{"line":771,"column":39}},"loc":{"start":{"line":771,"column":76},"end":{"line":774,"column":null}},"line":771},"5":{"name":"requiresTest","decl":{"start":{"line":779,"column":16},"end":{"line":779,"column":29}},"loc":{"start":{"line":779,"column":114},"end":{"line":782,"column":null}},"line":779},"6":{"name":"(anonymous_6)","decl":{"start":{"line":781,"column":37},"end":{"line":781,"column":45}},"loc":{"start":{"line":781,"column":45},"end":{"line":781,"column":71}},"line":781},"7":{"name":"getRequiredTests","decl":{"start":{"line":787,"column":16},"end":{"line":787,"column":33}},"loc":{"start":{"line":787,"column":67},"end":{"line":790,"column":null}},"line":787},"8":{"name":"getCurrentStep","decl":{"start":{"line":795,"column":16},"end":{"line":795,"column":null}},"loc":{"start":{"line":799,"column":23},"end":{"line":827,"column":null}},"line":799}},"branchMap":{"0":{"loc":{"start":{"line":765,"column":9},"end":{"line":765,"column":null}},"type":"binary-expr","locations":[{"start":{"line":765,"column":9},"end":{"line":765,"column":40}},{"start":{"line":765,"column":40},"end":{"line":765,"column":null}}],"line":765},"1":{"loc":{"start":{"line":805,"column":4},"end":{"line":811,"column":null}},"type":"if","locations":[{"start":{"line":805,"column":4},"end":{"line":811,"column":null}},{"start":{},"end":{}}],"line":805},"2":{"loc":{"start":{"line":805,"column":8},"end":{"line":807,"column":52}},"type":"binary-expr","locations":[{"start":{"line":805,"column":8},"end":{"line":805,"column":null}},{"start":{"line":806,"column":8},"end":{"line":806,"column":null}},{"start":{"line":807,"column":8},"end":{"line":807,"column":52}}],"line":805},"3":{"loc":{"start":{"line":808,"column":6},"end":{"line":810,"column":null}},"type":"if","locations":[{"start":{"line":808,"column":6},"end":{"line":810,"column":null}},{"start":{},"end":{}}],"line":808},"4":{"loc":{"start":{"line":814,"column":4},"end":{"line":822,"column":null}},"type":"if","locations":[{"start":{"line":814,"column":4},"end":{"line":822,"column":null}},{"start":{},"end":{}}],"line":814},"5":{"loc":{"start":{"line":815,"column":23},"end":{"line":817,"column":null}},"type":"cond-expr","locations":[{"start":{"line":815,"column":66},"end":{"line":815,"column":null}},{"start":{"line":816,"column":22},"end":{"line":817,"column":null}}],"line":815},"6":{"loc":{"start":{"line":816,"column":22},"end":{"line":817,"column":null}},"type":"cond-expr","locations":[{"start":{"line":816,"column":63},"end":{"line":816,"column":null}},{"start":{"line":817,"column":22},"end":{"line":817,"column":null}}],"line":816},"7":{"loc":{"start":{"line":817,"column":22},"end":{"line":817,"column":null}},"type":"cond-expr","locations":[{"start":{"line":817,"column":70},"end":{"line":817,"column":86}},{"start":{"line":817,"column":86},"end":{"line":817,"column":null}}],"line":817},"8":{"loc":{"start":{"line":819,"column":6},"end":{"line":821,"column":null}},"type":"if","locations":[{"start":{"line":819,"column":6},"end":{"line":821,"column":null}},{"start":{},"end":{}}],"line":819},"9":{"loc":{"start":{"line":819,"column":10},"end":{"line":819,"column":53}},"type":"binary-expr","locations":[{"start":{"line":819,"column":10},"end":{"line":819,"column":22}},{"start":{"line":819,"column":22},"end":{"line":819,"column":53}}],"line":819}},"s":{"0":2,"1":2,"2":2,"3":2,"4":2,"5":2,"6":2,"7":2,"8":2,"9":18,"10":70,"11":16,"12":2,"13":28,"14":0,"15":0,"16":0,"17":0,"18":0,"19":0,"20":0,"21":0,"22":0,"23":0,"24":0,"25":0,"26":0,"27":0,"28":0,"29":0,"30":0},"f":{"0":18,"1":70,"2":16,"3":28,"4":0,"5":0,"6":0,"7":0,"8":0},"b":{"0":[28,0],"1":[0,0],"2":[0,0,0],"3":[0,0],"4":[0,0],"5":[0,0],"6":[0,0],"7":[0,0],"8":[0,0],"9":[0,0]},"meta":{"lastBranch":10,"lastFunction":9,"lastStatement":31,"seen":{"s:93:46:160:Infinity":0,"s:165:52:271:Infinity":1,"s:276:53:326:Infinity":2,"s:331:53:398:Infinity":3,"s:403:55:462:Infinity":4,"s:467:54:526:Infinity":5,"s:531:54:596:Infinity":6,"s:601:48:652:Infinity":7,"s:657:48:702:Infinity":8,"f:707:9:707:27":0,"s:708:2:732:Infinity":9,"f:713:34:713:43":1,"s:713:43:720:6":10,"f:721:50:721:59":2,"s:721:59:727:6":11,"s:738:69:759:Infinity":12,"f:764:16:764:36":3,"s:765:2:765:Infinity":13,"b:765:9:765:40:765:40:765:Infinity":0,"f:771:16:771:39":4,"s:772:19:772:Infinity":14,"s:773:2:773:Infinity":15,"f:779:16:779:29":5,"s:780:19:780:Infinity":16,"s:781:2:781:Infinity":17,"f:781:37:781:45":6,"s:781:45:781:71":18,"f:787:16:787:33":7,"s:788:19:788:Infinity":19,"s:789:2:789:Infinity":20,"f:795:16:795:Infinity":8,"s:800:19:800:Infinity":21,"s:803:2:823:Infinity":22,"b:805:4:811:Infinity:undefined:undefined:undefined:undefined":1,"s:805:4:811:Infinity":23,"b:805:8:805:Infinity:806:8:806:Infinity:807:8:807:52":2,"b:808:6:810:Infinity:undefined:undefined:undefined:undefined":3,"s:808:6:810:Infinity":24,"s:809:8:809:Infinity":25,"b:814:4:822:Infinity:undefined:undefined:undefined:undefined":4,"s:814:4:822:Infinity":26,"s:815:23:817:Infinity":27,"b:815:66:815:Infinity:816:22:817:Infinity":5,"b:816:63:816:Infinity:817:22:817:Infinity":6,"b:817:70:817:86:817:86:817:Infinity":7,"b:819:6:821:Infinity:undefined:undefined:undefined:undefined":8,"s:819:6:821:Infinity":28,"b:819:10:819:22:819:22:819:53":9,"s:820:8:820:Infinity":29,"s:826:2:826:Infinity":30}}}
}
